{"numTotalTestSuites":117,"numPassedTestSuites":32,"numFailedTestSuites":85,"numPendingTestSuites":0,"numTotalTests":182,"numPassedTests":73,"numFailedTests":109,"numPendingTests":0,"numTodoTests":0,"snapshot":{"added":0,"failure":false,"filesAdded":0,"filesRemoved":0,"filesRemovedList":[],"filesUnmatched":0,"filesUpdated":0,"matched":0,"total":0,"unchecked":0,"uncheckedKeysByFile":[],"unmatched":0,"updated":0,"didUpdate":false},"startTime":1778849526014,"success":false,"testResults":[{"assertionResults":[{"ancestorTitles":["AuthContext"],"fullName":"AuthContext provides authentication state","status":"passed","title":"provides authentication state","duration":32.88769999999931,"failureMessages":[],"meta":{},"tags":[]}],"startTime":1778849624200,"endTime":1778849624232.8877,"status":"passed","message":"","name":"C:/Users/elzak/Downloads/ADMIPAEDIA STANDARD/ADMIPAEDIA Beta/frontend/src/contexts/AuthContext.test.tsx"},{"assertionResults":[{"ancestorTitles":["Accessibility Tests"],"fullName":"Accessibility Tests App component has no accessibility violations","status":"passed","title":"App component has no accessibility violations","duration":240.0931999999957,"failureMessages":[],"meta":{},"tags":[]},{"ancestorTitles":["Accessibility Tests"],"fullName":"Accessibility Tests Dashboard has no accessibility violations","status":"failed","title":"Dashboard has no accessibility violations","duration":27.77270000000135,"failureMessages":["Error: useAuth must be used within an AuthProvider\n    at useAuth (C:/Users/elzak/Downloads/ADMIPAEDIA STANDARD/ADMIPAEDIA Beta/frontend/src/contexts/AuthContext.tsx:218:11)\n    at DashboardPage (C:/Users/elzak/Downloads/ADMIPAEDIA STANDARD/ADMIPAEDIA Beta/frontend/src/pages/dashboard/DashboardPage.tsx:14:44)\n    at renderWithHooks (C:\\Users\\elzak\\Downloads\\ADMIPAEDIA STANDARD\\ADMIPAEDIA Beta\\frontend\\node_modules\\react-dom\\cjs\\react-dom.development.js:15486:18)\n    at mountIndeterminateComponent (C:\\Users\\elzak\\Downloads\\ADMIPAEDIA STANDARD\\ADMIPAEDIA Beta\\frontend\\node_modules\\react-dom\\cjs\\react-dom.development.js:20103:13)\n    at beginWork (C:\\Users\\elzak\\Downloads\\ADMIPAEDIA STANDARD\\ADMIPAEDIA Beta\\frontend\\node_modules\\react-dom\\cjs\\react-dom.development.js:21626:16)\n    at beginWork$1 (C:\\Users\\elzak\\Downloads\\ADMIPAEDIA STANDARD\\ADMIPAEDIA Beta\\frontend\\node_modules\\react-dom\\cjs\\react-dom.development.js:27465:14)\n    at performUnitOfWork (C:\\Users\\elzak\\Downloads\\ADMIPAEDIA STANDARD\\ADMIPAEDIA Beta\\frontend\\node_modules\\react-dom\\cjs\\react-dom.development.js:26599:12)\n    at workLoopSync (C:\\Users\\elzak\\Downloads\\ADMIPAEDIA STANDARD\\ADMIPAEDIA Beta\\frontend\\node_modules\\react-dom\\cjs\\react-dom.development.js:26505:5)\n    at renderRootSync (C:\\Users\\elzak\\Downloads\\ADMIPAEDIA STANDARD\\ADMIPAEDIA Beta\\frontend\\node_modules\\react-dom\\cjs\\react-dom.development.js:26473:7)\n    at recoverFromConcurrentError (C:\\Users\\elzak\\Downloads\\ADMIPAEDIA STANDARD\\ADMIPAEDIA Beta\\frontend\\node_modules\\react-dom\\cjs\\react-dom.development.js:25889:20)"],"meta":{},"tags":[]},{"ancestorTitles":["Accessibility Tests"],"fullName":"Accessibility Tests TeachersPage has no accessibility violations","status":"failed","title":"TeachersPage has no accessibility violations","duration":19.90690000000177,"failureMessages":["Error: useAuth must be used within an AuthProvider\n    at useAuth (C:/Users/elzak/Downloads/ADMIPAEDIA STANDARD/ADMIPAEDIA Beta/frontend/src/contexts/AuthContext.tsx:218:11)\n    at TeachersPage (C:/Users/elzak/Downloads/ADMIPAEDIA STANDARD/ADMIPAEDIA Beta/frontend/src/pages/teachers/TeachersPage.tsx:120:20)\n    at renderWithHooks (C:\\Users\\elzak\\Downloads\\ADMIPAEDIA STANDARD\\ADMIPAEDIA Beta\\frontend\\node_modules\\react-dom\\cjs\\react-dom.development.js:15486:18)\n    at mountIndeterminateComponent (C:\\Users\\elzak\\Downloads\\ADMIPAEDIA STANDARD\\ADMIPAEDIA Beta\\frontend\\node_modules\\react-dom\\cjs\\react-dom.development.js:20103:13)\n    at beginWork (C:\\Users\\elzak\\Downloads\\ADMIPAEDIA STANDARD\\ADMIPAEDIA Beta\\frontend\\node_modules\\react-dom\\cjs\\react-dom.development.js:21626:16)\n    at beginWork$1 (C:\\Users\\elzak\\Downloads\\ADMIPAEDIA STANDARD\\ADMIPAEDIA Beta\\frontend\\node_modules\\react-dom\\cjs\\react-dom.development.js:27465:14)\n    at performUnitOfWork (C:\\Users\\elzak\\Downloads\\ADMIPAEDIA STANDARD\\ADMIPAEDIA Beta\\frontend\\node_modules\\react-dom\\cjs\\react-dom.development.js:26599:12)\n    at workLoopSync (C:\\Users\\elzak\\Downloads\\ADMIPAEDIA STANDARD\\ADMIPAEDIA Beta\\frontend\\node_modules\\react-dom\\cjs\\react-dom.development.js:26505:5)\n    at renderRootSync (C:\\Users\\elzak\\Downloads\\ADMIPAEDIA STANDARD\\ADMIPAEDIA Beta\\frontend\\node_modules\\react-dom\\cjs\\react-dom.development.js:26473:7)\n    at recoverFromConcurrentError (C:\\Users\\elzak\\Downloads\\ADMIPAEDIA STANDARD\\ADMIPAEDIA Beta\\frontend\\node_modules\\react-dom\\cjs\\react-dom.development.js:25889:20)"],"meta":{},"tags":[]},{"ancestorTitles":["Accessibility Tests"],"fullName":"Accessibility Tests StudentsPage has no accessibility violations","status":"failed","title":"StudentsPage has no accessibility violations","duration":17.237699999997858,"failureMessages":["Error: useTheme must be used within a ThemeProvider\n    at useTheme (C:/Users/elzak/Downloads/ADMIPAEDIA STANDARD/ADMIPAEDIA Beta/frontend/src/contexts/ThemeContext.tsx:100:11)\n    at StudentsPage (C:/Users/elzak/Downloads/ADMIPAEDIA STANDARD/ADMIPAEDIA Beta/frontend/src/pages/students/StudentsPage.tsx:72:3)\n    at renderWithHooks (C:\\Users\\elzak\\Downloads\\ADMIPAEDIA STANDARD\\ADMIPAEDIA Beta\\frontend\\node_modules\\react-dom\\cjs\\react-dom.development.js:15486:18)\n    at mountIndeterminateComponent (C:\\Users\\elzak\\Downloads\\ADMIPAEDIA STANDARD\\ADMIPAEDIA Beta\\frontend\\node_modules\\react-dom\\cjs\\react-dom.development.js:20103:13)\n    at beginWork (C:\\Users\\elzak\\Downloads\\ADMIPAEDIA STANDARD\\ADMIPAEDIA Beta\\frontend\\node_modules\\react-dom\\cjs\\react-dom.development.js:21626:16)\n    at beginWork$1 (C:\\Users\\elzak\\Downloads\\ADMIPAEDIA STANDARD\\ADMIPAEDIA Beta\\frontend\\node_modules\\react-dom\\cjs\\react-dom.development.js:27465:14)\n    at performUnitOfWork (C:\\Users\\elzak\\Downloads\\ADMIPAEDIA STANDARD\\ADMIPAEDIA Beta\\frontend\\node_modules\\react-dom\\cjs\\react-dom.development.js:26599:12)\n    at workLoopSync (C:\\Users\\elzak\\Downloads\\ADMIPAEDIA STANDARD\\ADMIPAEDIA Beta\\frontend\\node_modules\\react-dom\\cjs\\react-dom.development.js:26505:5)\n    at renderRootSync (C:\\Users\\elzak\\Downloads\\ADMIPAEDIA STANDARD\\ADMIPAEDIA Beta\\frontend\\node_modules\\react-dom\\cjs\\react-dom.development.js:26473:7)\n    at recoverFromConcurrentError (C:\\Users\\elzak\\Downloads\\ADMIPAEDIA STANDARD\\ADMIPAEDIA Beta\\frontend\\node_modules\\react-dom\\cjs\\react-dom.development.js:25889:20)"],"meta":{},"tags":[]},{"ancestorTitles":["Accessibility Tests"],"fullName":"Accessibility Tests Form components have proper ARIA labels","status":"failed","title":"Form components have proper ARIA labels","duration":8.034700000003795,"failureMessages":["Error: useAuth must be used within an AuthProvider\n    at useAuth (C:/Users/elzak/Downloads/ADMIPAEDIA STANDARD/ADMIPAEDIA Beta/frontend/src/contexts/AuthContext.tsx:218:11)\n    at TeachersPage (C:/Users/elzak/Downloads/ADMIPAEDIA STANDARD/ADMIPAEDIA Beta/frontend/src/pages/teachers/TeachersPage.tsx:120:20)\n    at renderWithHooks (C:\\Users\\elzak\\Downloads\\ADMIPAEDIA STANDARD\\ADMIPAEDIA Beta\\frontend\\node_modules\\react-dom\\cjs\\react-dom.development.js:15486:18)\n    at mountIndeterminateComponent (C:\\Users\\elzak\\Downloads\\ADMIPAEDIA STANDARD\\ADMIPAEDIA Beta\\frontend\\node_modules\\react-dom\\cjs\\react-dom.development.js:20103:13)\n    at beginWork (C:\\Users\\elzak\\Downloads\\ADMIPAEDIA STANDARD\\ADMIPAEDIA Beta\\frontend\\node_modules\\react-dom\\cjs\\react-dom.development.js:21626:16)\n    at beginWork$1 (C:\\Users\\elzak\\Downloads\\ADMIPAEDIA STANDARD\\ADMIPAEDIA Beta\\frontend\\node_modules\\react-dom\\cjs\\react-dom.development.js:27465:14)\n    at performUnitOfWork (C:\\Users\\elzak\\Downloads\\ADMIPAEDIA STANDARD\\ADMIPAEDIA Beta\\frontend\\node_modules\\react-dom\\cjs\\react-dom.development.js:26599:12)\n    at workLoopSync (C:\\Users\\elzak\\Downloads\\ADMIPAEDIA STANDARD\\ADMIPAEDIA Beta\\frontend\\node_modules\\react-dom\\cjs\\react-dom.development.js:26505:5)\n    at renderRootSync (C:\\Users\\elzak\\Downloads\\ADMIPAEDIA STANDARD\\ADMIPAEDIA Beta\\frontend\\node_modules\\react-dom\\cjs\\react-dom.development.js:26473:7)\n    at recoverFromConcurrentError (C:\\Users\\elzak\\Downloads\\ADMIPAEDIA STANDARD\\ADMIPAEDIA Beta\\frontend\\node_modules\\react-dom\\cjs\\react-dom.development.js:25889:20)"],"meta":{},"tags":[]}],"startTime":1778849577943,"endTime":1778849578256.0347,"status":"failed","message":"","name":"C:/Users/elzak/Downloads/ADMIPAEDIA STANDARD/ADMIPAEDIA Beta/frontend/src/__tests__/accessibility.test.tsx"},{"assertionResults":[{"ancestorTitles":["AuthContext"],"fullName":"AuthContext should initialize with unauthenticated state","status":"passed","title":"should initialize with unauthenticated state","duration":51.02700000000186,"failureMessages":[],"meta":{},"tags":[]},{"ancestorTitles":["AuthContext"],"fullName":"AuthContext should restore authentication state from localStorage","status":"failed","title":"should restore authentication state from localStorage","duration":9.160499999998137,"failureMessages":["TypeError: mockAuthService.getCurrentUser.mockResolvedValue is not a function\n    at C:/Users/elzak/Downloads/ADMIPAEDIA STANDARD/ADMIPAEDIA Beta/frontend/src/__tests__/AuthContext.test.tsx:103:36\n    at file:///C:/Users/elzak/Downloads/ADMIPAEDIA%20STANDARD/ADMIPAEDIA%20Beta/frontend/node_modules/@vitest/runner/dist/chunk-artifact.js:302:11\n    at file:///C:/Users/elzak/Downloads/ADMIPAEDIA%20STANDARD/ADMIPAEDIA%20Beta/frontend/node_modules/@vitest/runner/dist/chunk-artifact.js:1903:26\n    at file:///C:/Users/elzak/Downloads/ADMIPAEDIA%20STANDARD/ADMIPAEDIA%20Beta/frontend/node_modules/@vitest/runner/dist/chunk-artifact.js:2326:20\n    at new Promise (<anonymous>)\n    at runWithCancel (file:///C:/Users/elzak/Downloads/ADMIPAEDIA%20STANDARD/ADMIPAEDIA%20Beta/frontend/node_modules/@vitest/runner/dist/chunk-artifact.js:2323:10)\n    at file:///C:/Users/elzak/Downloads/ADMIPAEDIA%20STANDARD/ADMIPAEDIA%20Beta/frontend/node_modules/@vitest/runner/dist/chunk-artifact.js:2305:20\n    at new Promise (<anonymous>)\n    at runWithTimeout (file:///C:/Users/elzak/Downloads/ADMIPAEDIA%20STANDARD/ADMIPAEDIA%20Beta/frontend/node_modules/@vitest/runner/dist/chunk-artifact.js:2272:10)\n    at file:///C:/Users/elzak/Downloads/ADMIPAEDIA%20STANDARD/ADMIPAEDIA%20Beta/frontend/node_modules/@vitest/runner/dist/chunk-artifact.js:2955:64"],"meta":{},"tags":[]},{"ancestorTitles":["AuthContext"],"fullName":"AuthContext should handle login successfully","status":"failed","title":"should handle login successfully","duration":1.302400000000489,"failureMessages":["TypeError: mockAuthService.login.mockResolvedValue is not a function\n    at C:/Users/elzak/Downloads/ADMIPAEDIA STANDARD/ADMIPAEDIA Beta/frontend/src/__tests__/AuthContext.test.tsx:128:27\n    at file:///C:/Users/elzak/Downloads/ADMIPAEDIA%20STANDARD/ADMIPAEDIA%20Beta/frontend/node_modules/@vitest/runner/dist/chunk-artifact.js:302:11\n    at file:///C:/Users/elzak/Downloads/ADMIPAEDIA%20STANDARD/ADMIPAEDIA%20Beta/frontend/node_modules/@vitest/runner/dist/chunk-artifact.js:1903:26\n    at file:///C:/Users/elzak/Downloads/ADMIPAEDIA%20STANDARD/ADMIPAEDIA%20Beta/frontend/node_modules/@vitest/runner/dist/chunk-artifact.js:2326:20\n    at new Promise (<anonymous>)\n    at runWithCancel (file:///C:/Users/elzak/Downloads/ADMIPAEDIA%20STANDARD/ADMIPAEDIA%20Beta/frontend/node_modules/@vitest/runner/dist/chunk-artifact.js:2323:10)\n    at file:///C:/Users/elzak/Downloads/ADMIPAEDIA%20STANDARD/ADMIPAEDIA%20Beta/frontend/node_modules/@vitest/runner/dist/chunk-artifact.js:2305:20\n    at new Promise (<anonymous>)\n    at runWithTimeout (file:///C:/Users/elzak/Downloads/ADMIPAEDIA%20STANDARD/ADMIPAEDIA%20Beta/frontend/node_modules/@vitest/runner/dist/chunk-artifact.js:2272:10)\n    at file:///C:/Users/elzak/Downloads/ADMIPAEDIA%20STANDARD/ADMIPAEDIA%20Beta/frontend/node_modules/@vitest/runner/dist/chunk-artifact.js:2955:64"],"meta":{},"tags":[]},{"ancestorTitles":["AuthContext"],"fullName":"AuthContext should redirect admin users to admin dashboard","status":"failed","title":"should redirect admin users to admin dashboard","duration":0.9910999999992782,"failureMessages":["TypeError: mockAuthService.login.mockResolvedValue is not a function\n    at C:/Users/elzak/Downloads/ADMIPAEDIA STANDARD/ADMIPAEDIA Beta/frontend/src/__tests__/AuthContext.test.tsx:163:27\n    at file:///C:/Users/elzak/Downloads/ADMIPAEDIA%20STANDARD/ADMIPAEDIA%20Beta/frontend/node_modules/@vitest/runner/dist/chunk-artifact.js:302:11\n    at file:///C:/Users/elzak/Downloads/ADMIPAEDIA%20STANDARD/ADMIPAEDIA%20Beta/frontend/node_modules/@vitest/runner/dist/chunk-artifact.js:1903:26\n    at file:///C:/Users/elzak/Downloads/ADMIPAEDIA%20STANDARD/ADMIPAEDIA%20Beta/frontend/node_modules/@vitest/runner/dist/chunk-artifact.js:2326:20\n    at new Promise (<anonymous>)\n    at runWithCancel (file:///C:/Users/elzak/Downloads/ADMIPAEDIA%20STANDARD/ADMIPAEDIA%20Beta/frontend/node_modules/@vitest/runner/dist/chunk-artifact.js:2323:10)\n    at file:///C:/Users/elzak/Downloads/ADMIPAEDIA%20STANDARD/ADMIPAEDIA%20Beta/frontend/node_modules/@vitest/runner/dist/chunk-artifact.js:2305:20\n    at new Promise (<anonymous>)\n    at runWithTimeout (file:///C:/Users/elzak/Downloads/ADMIPAEDIA%20STANDARD/ADMIPAEDIA%20Beta/frontend/node_modules/@vitest/runner/dist/chunk-artifact.js:2272:10)\n    at file:///C:/Users/elzak/Downloads/ADMIPAEDIA%20STANDARD/ADMIPAEDIA%20Beta/frontend/node_modules/@vitest/runner/dist/chunk-artifact.js:2955:64"],"meta":{},"tags":[]},{"ancestorTitles":["AuthContext"],"fullName":"AuthContext should handle logout","status":"failed","title":"should handle logout","duration":1.7471999999979744,"failureMessages":["TypeError: mockAuthService.getCurrentUser.mockResolvedValue is not a function\n    at C:/Users/elzak/Downloads/ADMIPAEDIA STANDARD/ADMIPAEDIA Beta/frontend/src/__tests__/AuthContext.test.tsx:190:36\n    at file:///C:/Users/elzak/Downloads/ADMIPAEDIA%20STANDARD/ADMIPAEDIA%20Beta/frontend/node_modules/@vitest/runner/dist/chunk-artifact.js:302:11\n    at file:///C:/Users/elzak/Downloads/ADMIPAEDIA%20STANDARD/ADMIPAEDIA%20Beta/frontend/node_modules/@vitest/runner/dist/chunk-artifact.js:1903:26\n    at file:///C:/Users/elzak/Downloads/ADMIPAEDIA%20STANDARD/ADMIPAEDIA%20Beta/frontend/node_modules/@vitest/runner/dist/chunk-artifact.js:2326:20\n    at new Promise (<anonymous>)\n    at runWithCancel (file:///C:/Users/elzak/Downloads/ADMIPAEDIA%20STANDARD/ADMIPAEDIA%20Beta/frontend/node_modules/@vitest/runner/dist/chunk-artifact.js:2323:10)\n    at file:///C:/Users/elzak/Downloads/ADMIPAEDIA%20STANDARD/ADMIPAEDIA%20Beta/frontend/node_modules/@vitest/runner/dist/chunk-artifact.js:2305:20\n    at new Promise (<anonymous>)\n    at runWithTimeout (file:///C:/Users/elzak/Downloads/ADMIPAEDIA%20STANDARD/ADMIPAEDIA%20Beta/frontend/node_modules/@vitest/runner/dist/chunk-artifact.js:2272:10)\n    at file:///C:/Users/elzak/Downloads/ADMIPAEDIA%20STANDARD/ADMIPAEDIA%20Beta/frontend/node_modules/@vitest/runner/dist/chunk-artifact.js:2955:64"],"meta":{},"tags":[]},{"ancestorTitles":["AuthContext"],"fullName":"AuthContext should handle role checking correctly","status":"failed","title":"should handle role checking correctly","duration":0.8404999999984284,"failureMessages":["TypeError: mockAuthService.getCurrentUser.mockResolvedValue is not a function\n    at C:/Users/elzak/Downloads/ADMIPAEDIA STANDARD/ADMIPAEDIA Beta/frontend/src/__tests__/AuthContext.test.tsx:219:36\n    at file:///C:/Users/elzak/Downloads/ADMIPAEDIA%20STANDARD/ADMIPAEDIA%20Beta/frontend/node_modules/@vitest/runner/dist/chunk-artifact.js:302:11\n    at file:///C:/Users/elzak/Downloads/ADMIPAEDIA%20STANDARD/ADMIPAEDIA%20Beta/frontend/node_modules/@vitest/runner/dist/chunk-artifact.js:1903:26\n    at file:///C:/Users/elzak/Downloads/ADMIPAEDIA%20STANDARD/ADMIPAEDIA%20Beta/frontend/node_modules/@vitest/runner/dist/chunk-artifact.js:2326:20\n    at new Promise (<anonymous>)\n    at runWithCancel (file:///C:/Users/elzak/Downloads/ADMIPAEDIA%20STANDARD/ADMIPAEDIA%20Beta/frontend/node_modules/@vitest/runner/dist/chunk-artifact.js:2323:10)\n    at file:///C:/Users/elzak/Downloads/ADMIPAEDIA%20STANDARD/ADMIPAEDIA%20Beta/frontend/node_modules/@vitest/runner/dist/chunk-artifact.js:2305:20\n    at new Promise (<anonymous>)\n    at runWithTimeout (file:///C:/Users/elzak/Downloads/ADMIPAEDIA%20STANDARD/ADMIPAEDIA%20Beta/frontend/node_modules/@vitest/runner/dist/chunk-artifact.js:2272:10)\n    at file:///C:/Users/elzak/Downloads/ADMIPAEDIA%20STANDARD/ADMIPAEDIA%20Beta/frontend/node_modules/@vitest/runner/dist/chunk-artifact.js:2955:64"],"meta":{},"tags":[]},{"ancestorTitles":["AuthContext"],"fullName":"AuthContext should handle authentication check failure","status":"failed","title":"should handle authentication check failure","duration":0.7870000000002619,"failureMessages":["TypeError: mockAuthService.getCurrentUser.mockRejectedValue is not a function\n    at C:/Users/elzak/Downloads/ADMIPAEDIA STANDARD/ADMIPAEDIA Beta/frontend/src/__tests__/AuthContext.test.tsx:232:36\n    at file:///C:/Users/elzak/Downloads/ADMIPAEDIA%20STANDARD/ADMIPAEDIA%20Beta/frontend/node_modules/@vitest/runner/dist/chunk-artifact.js:302:11\n    at file:///C:/Users/elzak/Downloads/ADMIPAEDIA%20STANDARD/ADMIPAEDIA%20Beta/frontend/node_modules/@vitest/runner/dist/chunk-artifact.js:1903:26\n    at file:///C:/Users/elzak/Downloads/ADMIPAEDIA%20STANDARD/ADMIPAEDIA%20Beta/frontend/node_modules/@vitest/runner/dist/chunk-artifact.js:2326:20\n    at new Promise (<anonymous>)\n    at runWithCancel (file:///C:/Users/elzak/Downloads/ADMIPAEDIA%20STANDARD/ADMIPAEDIA%20Beta/frontend/node_modules/@vitest/runner/dist/chunk-artifact.js:2323:10)\n    at file:///C:/Users/elzak/Downloads/ADMIPAEDIA%20STANDARD/ADMIPAEDIA%20Beta/frontend/node_modules/@vitest/runner/dist/chunk-artifact.js:2305:20\n    at new Promise (<anonymous>)\n    at runWithTimeout (file:///C:/Users/elzak/Downloads/ADMIPAEDIA%20STANDARD/ADMIPAEDIA%20Beta/frontend/node_modules/@vitest/runner/dist/chunk-artifact.js:2272:10)\n    at file:///C:/Users/elzak/Downloads/ADMIPAEDIA%20STANDARD/ADMIPAEDIA%20Beta/frontend/node_modules/@vitest/runner/dist/chunk-artifact.js:2955:64"],"meta":{},"tags":[]}],"startTime":1778849549066,"endTime":1778849549131.787,"status":"failed","message":"","name":"C:/Users/elzak/Downloads/ADMIPAEDIA STANDARD/ADMIPAEDIA Beta/frontend/src/__tests__/AuthContext.test.tsx"},{"assertionResults":[{"ancestorTitles":["AuthService","login"],"fullName":"AuthService login should successfully login with valid credentials","status":"failed","title":"should successfully login with valid credentials","duration":9.239700000000084,"failureMessages":["TypeError: mockApi.post.mockResolvedValue is not a function\n    at C:/Users/elzak/Downloads/ADMIPAEDIA STANDARD/ADMIPAEDIA Beta/frontend/src/__tests__/authService.test.ts:35:20\n    at file:///C:/Users/elzak/Downloads/ADMIPAEDIA%20STANDARD/ADMIPAEDIA%20Beta/frontend/node_modules/@vitest/runner/dist/chunk-artifact.js:302:11\n    at file:///C:/Users/elzak/Downloads/ADMIPAEDIA%20STANDARD/ADMIPAEDIA%20Beta/frontend/node_modules/@vitest/runner/dist/chunk-artifact.js:1903:26\n    at file:///C:/Users/elzak/Downloads/ADMIPAEDIA%20STANDARD/ADMIPAEDIA%20Beta/frontend/node_modules/@vitest/runner/dist/chunk-artifact.js:2326:20\n    at new Promise (<anonymous>)\n    at runWithCancel (file:///C:/Users/elzak/Downloads/ADMIPAEDIA%20STANDARD/ADMIPAEDIA%20Beta/frontend/node_modules/@vitest/runner/dist/chunk-artifact.js:2323:10)\n    at file:///C:/Users/elzak/Downloads/ADMIPAEDIA%20STANDARD/ADMIPAEDIA%20Beta/frontend/node_modules/@vitest/runner/dist/chunk-artifact.js:2305:20\n    at new Promise (<anonymous>)\n    at runWithTimeout (file:///C:/Users/elzak/Downloads/ADMIPAEDIA%20STANDARD/ADMIPAEDIA%20Beta/frontend/node_modules/@vitest/runner/dist/chunk-artifact.js:2272:10)\n    at file:///C:/Users/elzak/Downloads/ADMIPAEDIA%20STANDARD/ADMIPAEDIA%20Beta/frontend/node_modules/@vitest/runner/dist/chunk-artifact.js:2955:64"],"meta":{},"tags":[]},{"ancestorTitles":["AuthService","login"],"fullName":"AuthService login should throw error on invalid credentials","status":"failed","title":"should throw error on invalid credentials","duration":1.3841000000011263,"failureMessages":["TypeError: mockApi.post.mockRejectedValue is not a function\n    at C:/Users/elzak/Downloads/ADMIPAEDIA STANDARD/ADMIPAEDIA Beta/frontend/src/__tests__/authService.test.ts:48:20\n    at file:///C:/Users/elzak/Downloads/ADMIPAEDIA%20STANDARD/ADMIPAEDIA%20Beta/frontend/node_modules/@vitest/runner/dist/chunk-artifact.js:302:11\n    at file:///C:/Users/elzak/Downloads/ADMIPAEDIA%20STANDARD/ADMIPAEDIA%20Beta/frontend/node_modules/@vitest/runner/dist/chunk-artifact.js:1903:26\n    at file:///C:/Users/elzak/Downloads/ADMIPAEDIA%20STANDARD/ADMIPAEDIA%20Beta/frontend/node_modules/@vitest/runner/dist/chunk-artifact.js:2326:20\n    at new Promise (<anonymous>)\n    at runWithCancel (file:///C:/Users/elzak/Downloads/ADMIPAEDIA%20STANDARD/ADMIPAEDIA%20Beta/frontend/node_modules/@vitest/runner/dist/chunk-artifact.js:2323:10)\n    at file:///C:/Users/elzak/Downloads/ADMIPAEDIA%20STANDARD/ADMIPAEDIA%20Beta/frontend/node_modules/@vitest/runner/dist/chunk-artifact.js:2305:20\n    at new Promise (<anonymous>)\n    at runWithTimeout (file:///C:/Users/elzak/Downloads/ADMIPAEDIA%20STANDARD/ADMIPAEDIA%20Beta/frontend/node_modules/@vitest/runner/dist/chunk-artifact.js:2272:10)\n    at file:///C:/Users/elzak/Downloads/ADMIPAEDIA%20STANDARD/ADMIPAEDIA%20Beta/frontend/node_modules/@vitest/runner/dist/chunk-artifact.js:2955:64"],"meta":{},"tags":[]},{"ancestorTitles":["AuthService","login"],"fullName":"AuthService login should handle network errors","status":"failed","title":"should handle network errors","duration":1.1982000000007247,"failureMessages":["TypeError: mockApi.post.mockRejectedValue is not a function\n    at C:/Users/elzak/Downloads/ADMIPAEDIA STANDARD/ADMIPAEDIA Beta/frontend/src/__tests__/authService.test.ts:56:20\n    at file:///C:/Users/elzak/Downloads/ADMIPAEDIA%20STANDARD/ADMIPAEDIA%20Beta/frontend/node_modules/@vitest/runner/dist/chunk-artifact.js:302:11\n    at file:///C:/Users/elzak/Downloads/ADMIPAEDIA%20STANDARD/ADMIPAEDIA%20Beta/frontend/node_modules/@vitest/runner/dist/chunk-artifact.js:1903:26\n    at file:///C:/Users/elzak/Downloads/ADMIPAEDIA%20STANDARD/ADMIPAEDIA%20Beta/frontend/node_modules/@vitest/runner/dist/chunk-artifact.js:2326:20\n    at new Promise (<anonymous>)\n    at runWithCancel (file:///C:/Users/elzak/Downloads/ADMIPAEDIA%20STANDARD/ADMIPAEDIA%20Beta/frontend/node_modules/@vitest/runner/dist/chunk-artifact.js:2323:10)\n    at file:///C:/Users/elzak/Downloads/ADMIPAEDIA%20STANDARD/ADMIPAEDIA%20Beta/frontend/node_modules/@vitest/runner/dist/chunk-artifact.js:2305:20\n    at new Promise (<anonymous>)\n    at runWithTimeout (file:///C:/Users/elzak/Downloads/ADMIPAEDIA%20STANDARD/ADMIPAEDIA%20Beta/frontend/node_modules/@vitest/runner/dist/chunk-artifact.js:2272:10)\n    at file:///C:/Users/elzak/Downloads/ADMIPAEDIA%20STANDARD/ADMIPAEDIA%20Beta/frontend/node_modules/@vitest/runner/dist/chunk-artifact.js:2955:64"],"meta":{},"tags":[]},{"ancestorTitles":["AuthService","register"],"fullName":"AuthService register should successfully register a new user","status":"failed","title":"should successfully register a new user","duration":0.9512000000013359,"failureMessages":["TypeError: mockApi.post.mockResolvedValue is not a function\n    at C:/Users/elzak/Downloads/ADMIPAEDIA STANDARD/ADMIPAEDIA Beta/frontend/src/__tests__/authService.test.ts:80:20\n    at file:///C:/Users/elzak/Downloads/ADMIPAEDIA%20STANDARD/ADMIPAEDIA%20Beta/frontend/node_modules/@vitest/runner/dist/chunk-artifact.js:302:11\n    at file:///C:/Users/elzak/Downloads/ADMIPAEDIA%20STANDARD/ADMIPAEDIA%20Beta/frontend/node_modules/@vitest/runner/dist/chunk-artifact.js:1903:26\n    at file:///C:/Users/elzak/Downloads/ADMIPAEDIA%20STANDARD/ADMIPAEDIA%20Beta/frontend/node_modules/@vitest/runner/dist/chunk-artifact.js:2326:20\n    at new Promise (<anonymous>)\n    at runWithCancel (file:///C:/Users/elzak/Downloads/ADMIPAEDIA%20STANDARD/ADMIPAEDIA%20Beta/frontend/node_modules/@vitest/runner/dist/chunk-artifact.js:2323:10)\n    at file:///C:/Users/elzak/Downloads/ADMIPAEDIA%20STANDARD/ADMIPAEDIA%20Beta/frontend/node_modules/@vitest/runner/dist/chunk-artifact.js:2305:20\n    at new Promise (<anonymous>)\n    at runWithTimeout (file:///C:/Users/elzak/Downloads/ADMIPAEDIA%20STANDARD/ADMIPAEDIA%20Beta/frontend/node_modules/@vitest/runner/dist/chunk-artifact.js:2272:10)\n    at file:///C:/Users/elzak/Downloads/ADMIPAEDIA%20STANDARD/ADMIPAEDIA%20Beta/frontend/node_modules/@vitest/runner/dist/chunk-artifact.js:2955:64"],"meta":{},"tags":[]},{"ancestorTitles":["AuthService","register"],"fullName":"AuthService register should handle registration errors","status":"failed","title":"should handle registration errors","duration":0.7583000000013271,"failureMessages":["TypeError: mockApi.post.mockRejectedValue is not a function\n    at C:/Users/elzak/Downloads/ADMIPAEDIA STANDARD/ADMIPAEDIA Beta/frontend/src/__tests__/authService.test.ts:91:20\n    at file:///C:/Users/elzak/Downloads/ADMIPAEDIA%20STANDARD/ADMIPAEDIA%20Beta/frontend/node_modules/@vitest/runner/dist/chunk-artifact.js:302:11\n    at file:///C:/Users/elzak/Downloads/ADMIPAEDIA%20STANDARD/ADMIPAEDIA%20Beta/frontend/node_modules/@vitest/runner/dist/chunk-artifact.js:1903:26\n    at file:///C:/Users/elzak/Downloads/ADMIPAEDIA%20STANDARD/ADMIPAEDIA%20Beta/frontend/node_modules/@vitest/runner/dist/chunk-artifact.js:2326:20\n    at new Promise (<anonymous>)\n    at runWithCancel (file:///C:/Users/elzak/Downloads/ADMIPAEDIA%20STANDARD/ADMIPAEDIA%20Beta/frontend/node_modules/@vitest/runner/dist/chunk-artifact.js:2323:10)\n    at file:///C:/Users/elzak/Downloads/ADMIPAEDIA%20STANDARD/ADMIPAEDIA%20Beta/frontend/node_modules/@vitest/runner/dist/chunk-artifact.js:2305:20\n    at new Promise (<anonymous>)\n    at runWithTimeout (file:///C:/Users/elzak/Downloads/ADMIPAEDIA%20STANDARD/ADMIPAEDIA%20Beta/frontend/node_modules/@vitest/runner/dist/chunk-artifact.js:2272:10)\n    at file:///C:/Users/elzak/Downloads/ADMIPAEDIA%20STANDARD/ADMIPAEDIA%20Beta/frontend/node_modules/@vitest/runner/dist/chunk-artifact.js:2955:64"],"meta":{},"tags":[]},{"ancestorTitles":["AuthService","getCurrentUser"],"fullName":"AuthService getCurrentUser should fetch current user successfully","status":"failed","title":"should fetch current user successfully","duration":0.586699999999837,"failureMessages":["TypeError: mockApi.get.mockResolvedValue is not a function\n    at C:/Users/elzak/Downloads/ADMIPAEDIA STANDARD/ADMIPAEDIA Beta/frontend/src/__tests__/authService.test.ts:107:19\n    at file:///C:/Users/elzak/Downloads/ADMIPAEDIA%20STANDARD/ADMIPAEDIA%20Beta/frontend/node_modules/@vitest/runner/dist/chunk-artifact.js:302:11\n    at file:///C:/Users/elzak/Downloads/ADMIPAEDIA%20STANDARD/ADMIPAEDIA%20Beta/frontend/node_modules/@vitest/runner/dist/chunk-artifact.js:1903:26\n    at file:///C:/Users/elzak/Downloads/ADMIPAEDIA%20STANDARD/ADMIPAEDIA%20Beta/frontend/node_modules/@vitest/runner/dist/chunk-artifact.js:2326:20\n    at new Promise (<anonymous>)\n    at runWithCancel (file:///C:/Users/elzak/Downloads/ADMIPAEDIA%20STANDARD/ADMIPAEDIA%20Beta/frontend/node_modules/@vitest/runner/dist/chunk-artifact.js:2323:10)\n    at file:///C:/Users/elzak/Downloads/ADMIPAEDIA%20STANDARD/ADMIPAEDIA%20Beta/frontend/node_modules/@vitest/runner/dist/chunk-artifact.js:2305:20\n    at new Promise (<anonymous>)\n    at runWithTimeout (file:///C:/Users/elzak/Downloads/ADMIPAEDIA%20STANDARD/ADMIPAEDIA%20Beta/frontend/node_modules/@vitest/runner/dist/chunk-artifact.js:2272:10)\n    at file:///C:/Users/elzak/Downloads/ADMIPAEDIA%20STANDARD/ADMIPAEDIA%20Beta/frontend/node_modules/@vitest/runner/dist/chunk-artifact.js:2955:64"],"meta":{},"tags":[]},{"ancestorTitles":["AuthService","getCurrentUser"],"fullName":"AuthService getCurrentUser should handle unauthorized access","status":"failed","title":"should handle unauthorized access","duration":0.6616000000012718,"failureMessages":["TypeError: mockApi.get.mockRejectedValue is not a function\n    at C:/Users/elzak/Downloads/ADMIPAEDIA STANDARD/ADMIPAEDIA Beta/frontend/src/__tests__/authService.test.ts:117:19\n    at file:///C:/Users/elzak/Downloads/ADMIPAEDIA%20STANDARD/ADMIPAEDIA%20Beta/frontend/node_modules/@vitest/runner/dist/chunk-artifact.js:302:11\n    at file:///C:/Users/elzak/Downloads/ADMIPAEDIA%20STANDARD/ADMIPAEDIA%20Beta/frontend/node_modules/@vitest/runner/dist/chunk-artifact.js:1903:26\n    at file:///C:/Users/elzak/Downloads/ADMIPAEDIA%20STANDARD/ADMIPAEDIA%20Beta/frontend/node_modules/@vitest/runner/dist/chunk-artifact.js:2326:20\n    at new Promise (<anonymous>)\n    at runWithCancel (file:///C:/Users/elzak/Downloads/ADMIPAEDIA%20STANDARD/ADMIPAEDIA%20Beta/frontend/node_modules/@vitest/runner/dist/chunk-artifact.js:2323:10)\n    at file:///C:/Users/elzak/Downloads/ADMIPAEDIA%20STANDARD/ADMIPAEDIA%20Beta/frontend/node_modules/@vitest/runner/dist/chunk-artifact.js:2305:20\n    at new Promise (<anonymous>)\n    at runWithTimeout (file:///C:/Users/elzak/Downloads/ADMIPAEDIA%20STANDARD/ADMIPAEDIA%20Beta/frontend/node_modules/@vitest/runner/dist/chunk-artifact.js:2272:10)\n    at file:///C:/Users/elzak/Downloads/ADMIPAEDIA%20STANDARD/ADMIPAEDIA%20Beta/frontend/node_modules/@vitest/runner/dist/chunk-artifact.js:2955:64"],"meta":{},"tags":[]},{"ancestorTitles":["AuthService","refreshToken"],"fullName":"AuthService refreshToken should refresh token successfully","status":"failed","title":"should refresh token successfully","duration":0.6072000000003754,"failureMessages":["TypeError: mockApi.post.mockResolvedValue is not a function\n    at C:/Users/elzak/Downloads/ADMIPAEDIA STANDARD/ADMIPAEDIA Beta/frontend/src/__tests__/authService.test.ts:133:20\n    at file:///C:/Users/elzak/Downloads/ADMIPAEDIA%20STANDARD/ADMIPAEDIA%20Beta/frontend/node_modules/@vitest/runner/dist/chunk-artifact.js:302:11\n    at file:///C:/Users/elzak/Downloads/ADMIPAEDIA%20STANDARD/ADMIPAEDIA%20Beta/frontend/node_modules/@vitest/runner/dist/chunk-artifact.js:1903:26\n    at file:///C:/Users/elzak/Downloads/ADMIPAEDIA%20STANDARD/ADMIPAEDIA%20Beta/frontend/node_modules/@vitest/runner/dist/chunk-artifact.js:2326:20\n    at new Promise (<anonymous>)\n    at runWithCancel (file:///C:/Users/elzak/Downloads/ADMIPAEDIA%20STANDARD/ADMIPAEDIA%20Beta/frontend/node_modules/@vitest/runner/dist/chunk-artifact.js:2323:10)\n    at file:///C:/Users/elzak/Downloads/ADMIPAEDIA%20STANDARD/ADMIPAEDIA%20Beta/frontend/node_modules/@vitest/runner/dist/chunk-artifact.js:2305:20\n    at new Promise (<anonymous>)\n    at runWithTimeout (file:///C:/Users/elzak/Downloads/ADMIPAEDIA%20STANDARD/ADMIPAEDIA%20Beta/frontend/node_modules/@vitest/runner/dist/chunk-artifact.js:2272:10)\n    at file:///C:/Users/elzak/Downloads/ADMIPAEDIA%20STANDARD/ADMIPAEDIA%20Beta/frontend/node_modules/@vitest/runner/dist/chunk-artifact.js:2955:64"],"meta":{},"tags":[]},{"ancestorTitles":["AuthService","logout"],"fullName":"AuthService logout should logout successfully","status":"failed","title":"should logout successfully","duration":1.1960999999992055,"failureMessages":["TypeError: mockApi.post.mockResolvedValue is not a function\n    at C:/Users/elzak/Downloads/ADMIPAEDIA STANDARD/ADMIPAEDIA Beta/frontend/src/__tests__/authService.test.ts:150:20\n    at file:///C:/Users/elzak/Downloads/ADMIPAEDIA%20STANDARD/ADMIPAEDIA%20Beta/frontend/node_modules/@vitest/runner/dist/chunk-artifact.js:302:11\n    at file:///C:/Users/elzak/Downloads/ADMIPAEDIA%20STANDARD/ADMIPAEDIA%20Beta/frontend/node_modules/@vitest/runner/dist/chunk-artifact.js:1903:26\n    at file:///C:/Users/elzak/Downloads/ADMIPAEDIA%20STANDARD/ADMIPAEDIA%20Beta/frontend/node_modules/@vitest/runner/dist/chunk-artifact.js:2326:20\n    at new Promise (<anonymous>)\n    at runWithCancel (file:///C:/Users/elzak/Downloads/ADMIPAEDIA%20STANDARD/ADMIPAEDIA%20Beta/frontend/node_modules/@vitest/runner/dist/chunk-artifact.js:2323:10)\n    at file:///C:/Users/elzak/Downloads/ADMIPAEDIA%20STANDARD/ADMIPAEDIA%20Beta/frontend/node_modules/@vitest/runner/dist/chunk-artifact.js:2305:20\n    at new Promise (<anonymous>)\n    at runWithTimeout (file:///C:/Users/elzak/Downloads/ADMIPAEDIA%20STANDARD/ADMIPAEDIA%20Beta/frontend/node_modules/@vitest/runner/dist/chunk-artifact.js:2272:10)\n    at file:///C:/Users/elzak/Downloads/ADMIPAEDIA%20STANDARD/ADMIPAEDIA%20Beta/frontend/node_modules/@vitest/runner/dist/chunk-artifact.js:2955:64"],"meta":{},"tags":[]},{"ancestorTitles":["AuthService","logout"],"fullName":"AuthService logout should handle logout errors gracefully","status":"failed","title":"should handle logout errors gracefully","duration":0.7070999999996275,"failureMessages":["TypeError: mockApi.post.mockRejectedValue is not a function\n    at C:/Users/elzak/Downloads/ADMIPAEDIA STANDARD/ADMIPAEDIA Beta/frontend/src/__tests__/authService.test.ts:159:20\n    at file:///C:/Users/elzak/Downloads/ADMIPAEDIA%20STANDARD/ADMIPAEDIA%20Beta/frontend/node_modules/@vitest/runner/dist/chunk-artifact.js:302:11\n    at file:///C:/Users/elzak/Downloads/ADMIPAEDIA%20STANDARD/ADMIPAEDIA%20Beta/frontend/node_modules/@vitest/runner/dist/chunk-artifact.js:1903:26\n    at file:///C:/Users/elzak/Downloads/ADMIPAEDIA%20STANDARD/ADMIPAEDIA%20Beta/frontend/node_modules/@vitest/runner/dist/chunk-artifact.js:2326:20\n    at new Promise (<anonymous>)\n    at runWithCancel (file:///C:/Users/elzak/Downloads/ADMIPAEDIA%20STANDARD/ADMIPAEDIA%20Beta/frontend/node_modules/@vitest/runner/dist/chunk-artifact.js:2323:10)\n    at file:///C:/Users/elzak/Downloads/ADMIPAEDIA%20STANDARD/ADMIPAEDIA%20Beta/frontend/node_modules/@vitest/runner/dist/chunk-artifact.js:2305:20\n    at new Promise (<anonymous>)\n    at runWithTimeout (file:///C:/Users/elzak/Downloads/ADMIPAEDIA%20STANDARD/ADMIPAEDIA%20Beta/frontend/node_modules/@vitest/runner/dist/chunk-artifact.js:2272:10)\n    at file:///C:/Users/elzak/Downloads/ADMIPAEDIA%20STANDARD/ADMIPAEDIA%20Beta/frontend/node_modules/@vitest/runner/dist/chunk-artifact.js:2955:64"],"meta":{},"tags":[]},{"ancestorTitles":["AuthService","password management"],"fullName":"AuthService password management should request password reset successfully","status":"failed","title":"should request password reset successfully","duration":0.7852999999995518,"failureMessages":["TypeError: mockApi.post.mockResolvedValue is not a function\n    at C:/Users/elzak/Downloads/ADMIPAEDIA STANDARD/ADMIPAEDIA Beta/frontend/src/__tests__/authService.test.ts:168:20\n    at file:///C:/Users/elzak/Downloads/ADMIPAEDIA%20STANDARD/ADMIPAEDIA%20Beta/frontend/node_modules/@vitest/runner/dist/chunk-artifact.js:302:11\n    at file:///C:/Users/elzak/Downloads/ADMIPAEDIA%20STANDARD/ADMIPAEDIA%20Beta/frontend/node_modules/@vitest/runner/dist/chunk-artifact.js:1903:26\n    at file:///C:/Users/elzak/Downloads/ADMIPAEDIA%20STANDARD/ADMIPAEDIA%20Beta/frontend/node_modules/@vitest/runner/dist/chunk-artifact.js:2326:20\n    at new Promise (<anonymous>)\n    at runWithCancel (file:///C:/Users/elzak/Downloads/ADMIPAEDIA%20STANDARD/ADMIPAEDIA%20Beta/frontend/node_modules/@vitest/runner/dist/chunk-artifact.js:2323:10)\n    at file:///C:/Users/elzak/Downloads/ADMIPAEDIA%20STANDARD/ADMIPAEDIA%20Beta/frontend/node_modules/@vitest/runner/dist/chunk-artifact.js:2305:20\n    at new Promise (<anonymous>)\n    at runWithTimeout (file:///C:/Users/elzak/Downloads/ADMIPAEDIA%20STANDARD/ADMIPAEDIA%20Beta/frontend/node_modules/@vitest/runner/dist/chunk-artifact.js:2272:10)\n    at file:///C:/Users/elzak/Downloads/ADMIPAEDIA%20STANDARD/ADMIPAEDIA%20Beta/frontend/node_modules/@vitest/runner/dist/chunk-artifact.js:2955:64"],"meta":{},"tags":[]},{"ancestorTitles":["AuthService","password management"],"fullName":"AuthService password management should reset password successfully","status":"failed","title":"should reset password successfully","duration":0.5727999999999156,"failureMessages":["TypeError: mockApi.post.mockResolvedValue is not a function\n    at C:/Users/elzak/Downloads/ADMIPAEDIA STANDARD/ADMIPAEDIA Beta/frontend/src/__tests__/authService.test.ts:178:20\n    at file:///C:/Users/elzak/Downloads/ADMIPAEDIA%20STANDARD/ADMIPAEDIA%20Beta/frontend/node_modules/@vitest/runner/dist/chunk-artifact.js:302:11\n    at file:///C:/Users/elzak/Downloads/ADMIPAEDIA%20STANDARD/ADMIPAEDIA%20Beta/frontend/node_modules/@vitest/runner/dist/chunk-artifact.js:1903:26\n    at file:///C:/Users/elzak/Downloads/ADMIPAEDIA%20STANDARD/ADMIPAEDIA%20Beta/frontend/node_modules/@vitest/runner/dist/chunk-artifact.js:2326:20\n    at new Promise (<anonymous>)\n    at runWithCancel (file:///C:/Users/elzak/Downloads/ADMIPAEDIA%20STANDARD/ADMIPAEDIA%20Beta/frontend/node_modules/@vitest/runner/dist/chunk-artifact.js:2323:10)\n    at file:///C:/Users/elzak/Downloads/ADMIPAEDIA%20STANDARD/ADMIPAEDIA%20Beta/frontend/node_modules/@vitest/runner/dist/chunk-artifact.js:2305:20\n    at new Promise (<anonymous>)\n    at runWithTimeout (file:///C:/Users/elzak/Downloads/ADMIPAEDIA%20STANDARD/ADMIPAEDIA%20Beta/frontend/node_modules/@vitest/runner/dist/chunk-artifact.js:2272:10)\n    at file:///C:/Users/elzak/Downloads/ADMIPAEDIA%20STANDARD/ADMIPAEDIA%20Beta/frontend/node_modules/@vitest/runner/dist/chunk-artifact.js:2955:64"],"meta":{},"tags":[]},{"ancestorTitles":["AuthService","password management"],"fullName":"AuthService password management should change password successfully","status":"failed","title":"should change password successfully","duration":0.5002999999996973,"failureMessages":["TypeError: mockApi.post.mockResolvedValue is not a function\n    at C:/Users/elzak/Downloads/ADMIPAEDIA STANDARD/ADMIPAEDIA Beta/frontend/src/__tests__/authService.test.ts:189:20\n    at file:///C:/Users/elzak/Downloads/ADMIPAEDIA%20STANDARD/ADMIPAEDIA%20Beta/frontend/node_modules/@vitest/runner/dist/chunk-artifact.js:302:11\n    at file:///C:/Users/elzak/Downloads/ADMIPAEDIA%20STANDARD/ADMIPAEDIA%20Beta/frontend/node_modules/@vitest/runner/dist/chunk-artifact.js:1903:26\n    at file:///C:/Users/elzak/Downloads/ADMIPAEDIA%20STANDARD/ADMIPAEDIA%20Beta/frontend/node_modules/@vitest/runner/dist/chunk-artifact.js:2326:20\n    at new Promise (<anonymous>)\n    at runWithCancel (file:///C:/Users/elzak/Downloads/ADMIPAEDIA%20STANDARD/ADMIPAEDIA%20Beta/frontend/node_modules/@vitest/runner/dist/chunk-artifact.js:2323:10)\n    at file:///C:/Users/elzak/Downloads/ADMIPAEDIA%20STANDARD/ADMIPAEDIA%20Beta/frontend/node_modules/@vitest/runner/dist/chunk-artifact.js:2305:20\n    at new Promise (<anonymous>)\n    at runWithTimeout (file:///C:/Users/elzak/Downloads/ADMIPAEDIA%20STANDARD/ADMIPAEDIA%20Beta/frontend/node_modules/@vitest/runner/dist/chunk-artifact.js:2272:10)\n    at file:///C:/Users/elzak/Downloads/ADMIPAEDIA%20STANDARD/ADMIPAEDIA%20Beta/frontend/node_modules/@vitest/runner/dist/chunk-artifact.js:2955:64"],"meta":{},"tags":[]}],"startTime":1778849564208,"endTime":1778849564228.5002,"status":"failed","message":"","name":"C:/Users/elzak/Downloads/ADMIPAEDIA STANDARD/ADMIPAEDIA Beta/frontend/src/__tests__/authService.test.ts"},{"assertionResults":[{"ancestorTitles":["AdminDashboard"],"fullName":"AdminDashboard renders dashboard header","status":"failed","title":"renders dashboard header","duration":6.901799999999639,"failureMessages":["TypeError: Cannot read properties of undefined (reading 'mockResolvedValue')\n    at C:/Users/elzak/Downloads/ADMIPAEDIA STANDARD/ADMIPAEDIA Beta/frontend/src/__tests__/Dashboard.test.tsx:43:40\n    at file:///C:/Users/elzak/Downloads/ADMIPAEDIA%20STANDARD/ADMIPAEDIA%20Beta/frontend/node_modules/@vitest/runner/dist/chunk-artifact.js:302:11\n    at wrapper (file:///C:/Users/elzak/Downloads/ADMIPAEDIA%20STANDARD/ADMIPAEDIA%20Beta/frontend/node_modules/@vitest/runner/dist/chunk-artifact.js:722:10)\n    at file:///C:/Users/elzak/Downloads/ADMIPAEDIA%20STANDARD/ADMIPAEDIA%20Beta/frontend/node_modules/@vitest/runner/dist/chunk-artifact.js:2305:20\n    at new Promise (<anonymous>)\n    at runWithTimeout (file:///C:/Users/elzak/Downloads/ADMIPAEDIA%20STANDARD/ADMIPAEDIA%20Beta/frontend/node_modules/@vitest/runner/dist/chunk-artifact.js:2272:10)\n    at file:///C:/Users/elzak/Downloads/ADMIPAEDIA%20STANDARD/ADMIPAEDIA%20Beta/frontend/node_modules/@vitest/runner/dist/chunk-artifact.js:2621:52\n    at run (file:///C:/Users/elzak/Downloads/ADMIPAEDIA%20STANDARD/ADMIPAEDIA%20Beta/frontend/node_modules/@vitest/runner/dist/chunk-artifact.js:1150:20)\n    at limiterFn (file:///C:/Users/elzak/Downloads/ADMIPAEDIA%20STANDARD/ADMIPAEDIA%20Beta/frontend/node_modules/@vitest/runner/dist/chunk-artifact.js:1162:59)\n    at runHook (file:///C:/Users/elzak/Downloads/ADMIPAEDIA%20STANDARD/ADMIPAEDIA%20Beta/frontend/node_modules/@vitest/runner/dist/chunk-artifact.js:2620:10)"],"meta":{},"tags":[]},{"ancestorTitles":["AdminDashboard"],"fullName":"AdminDashboard displays loading state initially","status":"failed","title":"displays loading state initially","duration":1.3861999999971886,"failureMessages":["TypeError: Cannot read properties of undefined (reading 'mockResolvedValue')\n    at C:/Users/elzak/Downloads/ADMIPAEDIA STANDARD/ADMIPAEDIA Beta/frontend/src/__tests__/Dashboard.test.tsx:43:40\n    at file:///C:/Users/elzak/Downloads/ADMIPAEDIA%20STANDARD/ADMIPAEDIA%20Beta/frontend/node_modules/@vitest/runner/dist/chunk-artifact.js:302:11\n    at wrapper (file:///C:/Users/elzak/Downloads/ADMIPAEDIA%20STANDARD/ADMIPAEDIA%20Beta/frontend/node_modules/@vitest/runner/dist/chunk-artifact.js:722:10)\n    at file:///C:/Users/elzak/Downloads/ADMIPAEDIA%20STANDARD/ADMIPAEDIA%20Beta/frontend/node_modules/@vitest/runner/dist/chunk-artifact.js:2305:20\n    at new Promise (<anonymous>)\n    at runWithTimeout (file:///C:/Users/elzak/Downloads/ADMIPAEDIA%20STANDARD/ADMIPAEDIA%20Beta/frontend/node_modules/@vitest/runner/dist/chunk-artifact.js:2272:10)\n    at file:///C:/Users/elzak/Downloads/ADMIPAEDIA%20STANDARD/ADMIPAEDIA%20Beta/frontend/node_modules/@vitest/runner/dist/chunk-artifact.js:2621:52\n    at run (file:///C:/Users/elzak/Downloads/ADMIPAEDIA%20STANDARD/ADMIPAEDIA%20Beta/frontend/node_modules/@vitest/runner/dist/chunk-artifact.js:1150:20)\n    at limiterFn (file:///C:/Users/elzak/Downloads/ADMIPAEDIA%20STANDARD/ADMIPAEDIA%20Beta/frontend/node_modules/@vitest/runner/dist/chunk-artifact.js:1162:59)\n    at runHook (file:///C:/Users/elzak/Downloads/ADMIPAEDIA%20STANDARD/ADMIPAEDIA%20Beta/frontend/node_modules/@vitest/runner/dist/chunk-artifact.js:2620:10)"],"meta":{},"tags":[]},{"ancestorTitles":["AdminDashboard"],"fullName":"AdminDashboard loads and displays statistics","status":"failed","title":"loads and displays statistics","duration":0.934400000001915,"failureMessages":["TypeError: Cannot read properties of undefined (reading 'mockResolvedValue')\n    at C:/Users/elzak/Downloads/ADMIPAEDIA STANDARD/ADMIPAEDIA Beta/frontend/src/__tests__/Dashboard.test.tsx:43:40\n    at file:///C:/Users/elzak/Downloads/ADMIPAEDIA%20STANDARD/ADMIPAEDIA%20Beta/frontend/node_modules/@vitest/runner/dist/chunk-artifact.js:302:11\n    at wrapper (file:///C:/Users/elzak/Downloads/ADMIPAEDIA%20STANDARD/ADMIPAEDIA%20Beta/frontend/node_modules/@vitest/runner/dist/chunk-artifact.js:722:10)\n    at file:///C:/Users/elzak/Downloads/ADMIPAEDIA%20STANDARD/ADMIPAEDIA%20Beta/frontend/node_modules/@vitest/runner/dist/chunk-artifact.js:2305:20\n    at new Promise (<anonymous>)\n    at runWithTimeout (file:///C:/Users/elzak/Downloads/ADMIPAEDIA%20STANDARD/ADMIPAEDIA%20Beta/frontend/node_modules/@vitest/runner/dist/chunk-artifact.js:2272:10)\n    at file:///C:/Users/elzak/Downloads/ADMIPAEDIA%20STANDARD/ADMIPAEDIA%20Beta/frontend/node_modules/@vitest/runner/dist/chunk-artifact.js:2621:52\n    at run (file:///C:/Users/elzak/Downloads/ADMIPAEDIA%20STANDARD/ADMIPAEDIA%20Beta/frontend/node_modules/@vitest/runner/dist/chunk-artifact.js:1150:20)\n    at limiterFn (file:///C:/Users/elzak/Downloads/ADMIPAEDIA%20STANDARD/ADMIPAEDIA%20Beta/frontend/node_modules/@vitest/runner/dist/chunk-artifact.js:1162:59)\n    at runHook (file:///C:/Users/elzak/Downloads/ADMIPAEDIA%20STANDARD/ADMIPAEDIA%20Beta/frontend/node_modules/@vitest/runner/dist/chunk-artifact.js:2620:10)"],"meta":{},"tags":[]},{"ancestorTitles":["AdminDashboard"],"fullName":"AdminDashboard handles refresh functionality","status":"failed","title":"handles refresh functionality","duration":0.8516999999992549,"failureMessages":["TypeError: Cannot read properties of undefined (reading 'mockResolvedValue')\n    at C:/Users/elzak/Downloads/ADMIPAEDIA STANDARD/ADMIPAEDIA Beta/frontend/src/__tests__/Dashboard.test.tsx:43:40\n    at file:///C:/Users/elzak/Downloads/ADMIPAEDIA%20STANDARD/ADMIPAEDIA%20Beta/frontend/node_modules/@vitest/runner/dist/chunk-artifact.js:302:11\n    at wrapper (file:///C:/Users/elzak/Downloads/ADMIPAEDIA%20STANDARD/ADMIPAEDIA%20Beta/frontend/node_modules/@vitest/runner/dist/chunk-artifact.js:722:10)\n    at file:///C:/Users/elzak/Downloads/ADMIPAEDIA%20STANDARD/ADMIPAEDIA%20Beta/frontend/node_modules/@vitest/runner/dist/chunk-artifact.js:2305:20\n    at new Promise (<anonymous>)\n    at runWithTimeout (file:///C:/Users/elzak/Downloads/ADMIPAEDIA%20STANDARD/ADMIPAEDIA%20Beta/frontend/node_modules/@vitest/runner/dist/chunk-artifact.js:2272:10)\n    at file:///C:/Users/elzak/Downloads/ADMIPAEDIA%20STANDARD/ADMIPAEDIA%20Beta/frontend/node_modules/@vitest/runner/dist/chunk-artifact.js:2621:52\n    at run (file:///C:/Users/elzak/Downloads/ADMIPAEDIA%20STANDARD/ADMIPAEDIA%20Beta/frontend/node_modules/@vitest/runner/dist/chunk-artifact.js:1150:20)\n    at limiterFn (file:///C:/Users/elzak/Downloads/ADMIPAEDIA%20STANDARD/ADMIPAEDIA%20Beta/frontend/node_modules/@vitest/runner/dist/chunk-artifact.js:1162:59)\n    at runHook (file:///C:/Users/elzak/Downloads/ADMIPAEDIA%20STANDARD/ADMIPAEDIA%20Beta/frontend/node_modules/@vitest/runner/dist/chunk-artifact.js:2620:10)"],"meta":{},"tags":[]}],"startTime":1778849590416,"endTime":1778849590426.8518,"status":"failed","message":"","name":"C:/Users/elzak/Downloads/ADMIPAEDIA STANDARD/ADMIPAEDIA Beta/frontend/src/__tests__/Dashboard.test.tsx"},{"assertionResults":[],"startTime":1778849526014,"endTime":1778849526014,"status":"failed","message":"Failed to resolve import \"../pages/StudentsPage\" from \"src/__tests__/performance.test.tsx\". Does the file exist?","name":"C:/Users/elzak/Downloads/ADMIPAEDIA STANDARD/ADMIPAEDIA Beta/frontend/src/__tests__/performance.test.tsx"},{"assertionResults":[],"startTime":1778849526014,"endTime":1778849526014,"status":"failed","message":"No test suite found in file C:/Users/elzak/Downloads/ADMIPAEDIA STANDARD/ADMIPAEDIA Beta/frontend/src/__tests__/simple.test.tsx","name":"C:/Users/elzak/Downloads/ADMIPAEDIA STANDARD/ADMIPAEDIA Beta/frontend/src/__tests__/simple.test.tsx"},{"assertionResults":[{"ancestorTitles":["studentService","getAllStudents"],"fullName":"studentService getAllStudents should fetch all students successfully","status":"failed","title":"should fetch all students successfully","duration":8.160499999999956,"failureMessages":["TypeError: mockedAxios.get.mockResolvedValue is not a function\n    at C:/Users/elzak/Downloads/ADMIPAEDIA STANDARD/ADMIPAEDIA Beta/frontend/src/__tests__/studentService.test.ts:44:23\n    at file:///C:/Users/elzak/Downloads/ADMIPAEDIA%20STANDARD/ADMIPAEDIA%20Beta/frontend/node_modules/@vitest/runner/dist/chunk-artifact.js:302:11\n    at file:///C:/Users/elzak/Downloads/ADMIPAEDIA%20STANDARD/ADMIPAEDIA%20Beta/frontend/node_modules/@vitest/runner/dist/chunk-artifact.js:1903:26\n    at file:///C:/Users/elzak/Downloads/ADMIPAEDIA%20STANDARD/ADMIPAEDIA%20Beta/frontend/node_modules/@vitest/runner/dist/chunk-artifact.js:2326:20\n    at new Promise (<anonymous>)\n    at runWithCancel (file:///C:/Users/elzak/Downloads/ADMIPAEDIA%20STANDARD/ADMIPAEDIA%20Beta/frontend/node_modules/@vitest/runner/dist/chunk-artifact.js:2323:10)\n    at file:///C:/Users/elzak/Downloads/ADMIPAEDIA%20STANDARD/ADMIPAEDIA%20Beta/frontend/node_modules/@vitest/runner/dist/chunk-artifact.js:2305:20\n    at new Promise (<anonymous>)\n    at runWithTimeout (file:///C:/Users/elzak/Downloads/ADMIPAEDIA%20STANDARD/ADMIPAEDIA%20Beta/frontend/node_modules/@vitest/runner/dist/chunk-artifact.js:2272:10)\n    at file:///C:/Users/elzak/Downloads/ADMIPAEDIA%20STANDARD/ADMIPAEDIA%20Beta/frontend/node_modules/@vitest/runner/dist/chunk-artifact.js:2955:64"],"meta":{},"tags":[]},{"ancestorTitles":["studentService","getAllStudents"],"fullName":"studentService getAllStudents should handle API errors","status":"failed","title":"should handle API errors","duration":1.4763999999995576,"failureMessages":["TypeError: mockedAxios.get.mockRejectedValue is not a function\n    at C:/Users/elzak/Downloads/ADMIPAEDIA STANDARD/ADMIPAEDIA Beta/frontend/src/__tests__/studentService.test.ts:54:23\n    at file:///C:/Users/elzak/Downloads/ADMIPAEDIA%20STANDARD/ADMIPAEDIA%20Beta/frontend/node_modules/@vitest/runner/dist/chunk-artifact.js:302:11\n    at file:///C:/Users/elzak/Downloads/ADMIPAEDIA%20STANDARD/ADMIPAEDIA%20Beta/frontend/node_modules/@vitest/runner/dist/chunk-artifact.js:1903:26\n    at file:///C:/Users/elzak/Downloads/ADMIPAEDIA%20STANDARD/ADMIPAEDIA%20Beta/frontend/node_modules/@vitest/runner/dist/chunk-artifact.js:2326:20\n    at new Promise (<anonymous>)\n    at runWithCancel (file:///C:/Users/elzak/Downloads/ADMIPAEDIA%20STANDARD/ADMIPAEDIA%20Beta/frontend/node_modules/@vitest/runner/dist/chunk-artifact.js:2323:10)\n    at file:///C:/Users/elzak/Downloads/ADMIPAEDIA%20STANDARD/ADMIPAEDIA%20Beta/frontend/node_modules/@vitest/runner/dist/chunk-artifact.js:2305:20\n    at new Promise (<anonymous>)\n    at runWithTimeout (file:///C:/Users/elzak/Downloads/ADMIPAEDIA%20STANDARD/ADMIPAEDIA%20Beta/frontend/node_modules/@vitest/runner/dist/chunk-artifact.js:2272:10)\n    at file:///C:/Users/elzak/Downloads/ADMIPAEDIA%20STANDARD/ADMIPAEDIA%20Beta/frontend/node_modules/@vitest/runner/dist/chunk-artifact.js:2955:64"],"meta":{},"tags":[]},{"ancestorTitles":["studentService","getStudentById"],"fullName":"studentService getStudentById should fetch student by ID successfully","status":"failed","title":"should fetch student by ID successfully","duration":0.9790999999986525,"failureMessages":["TypeError: mockedAxios.get.mockResolvedValue is not a function\n    at C:/Users/elzak/Downloads/ADMIPAEDIA STANDARD/ADMIPAEDIA Beta/frontend/src/__tests__/studentService.test.ts:62:23\n    at file:///C:/Users/elzak/Downloads/ADMIPAEDIA%20STANDARD/ADMIPAEDIA%20Beta/frontend/node_modules/@vitest/runner/dist/chunk-artifact.js:302:11\n    at file:///C:/Users/elzak/Downloads/ADMIPAEDIA%20STANDARD/ADMIPAEDIA%20Beta/frontend/node_modules/@vitest/runner/dist/chunk-artifact.js:1903:26\n    at file:///C:/Users/elzak/Downloads/ADMIPAEDIA%20STANDARD/ADMIPAEDIA%20Beta/frontend/node_modules/@vitest/runner/dist/chunk-artifact.js:2326:20\n    at new Promise (<anonymous>)\n    at runWithCancel (file:///C:/Users/elzak/Downloads/ADMIPAEDIA%20STANDARD/ADMIPAEDIA%20Beta/frontend/node_modules/@vitest/runner/dist/chunk-artifact.js:2323:10)\n    at file:///C:/Users/elzak/Downloads/ADMIPAEDIA%20STANDARD/ADMIPAEDIA%20Beta/frontend/node_modules/@vitest/runner/dist/chunk-artifact.js:2305:20\n    at new Promise (<anonymous>)\n    at runWithTimeout (file:///C:/Users/elzak/Downloads/ADMIPAEDIA%20STANDARD/ADMIPAEDIA%20Beta/frontend/node_modules/@vitest/runner/dist/chunk-artifact.js:2272:10)\n    at file:///C:/Users/elzak/Downloads/ADMIPAEDIA%20STANDARD/ADMIPAEDIA%20Beta/frontend/node_modules/@vitest/runner/dist/chunk-artifact.js:2955:64"],"meta":{},"tags":[]},{"ancestorTitles":["studentService","getStudentById"],"fullName":"studentService getStudentById should handle student not found","status":"failed","title":"should handle student not found","duration":1.2409999999999854,"failureMessages":["TypeError: mockedAxios.get.mockRejectedValue is not a function\n    at C:/Users/elzak/Downloads/ADMIPAEDIA STANDARD/ADMIPAEDIA Beta/frontend/src/__tests__/studentService.test.ts:71:23\n    at file:///C:/Users/elzak/Downloads/ADMIPAEDIA%20STANDARD/ADMIPAEDIA%20Beta/frontend/node_modules/@vitest/runner/dist/chunk-artifact.js:302:11\n    at file:///C:/Users/elzak/Downloads/ADMIPAEDIA%20STANDARD/ADMIPAEDIA%20Beta/frontend/node_modules/@vitest/runner/dist/chunk-artifact.js:1903:26\n    at file:///C:/Users/elzak/Downloads/ADMIPAEDIA%20STANDARD/ADMIPAEDIA%20Beta/frontend/node_modules/@vitest/runner/dist/chunk-artifact.js:2326:20\n    at new Promise (<anonymous>)\n    at runWithCancel (file:///C:/Users/elzak/Downloads/ADMIPAEDIA%20STANDARD/ADMIPAEDIA%20Beta/frontend/node_modules/@vitest/runner/dist/chunk-artifact.js:2323:10)\n    at file:///C:/Users/elzak/Downloads/ADMIPAEDIA%20STANDARD/ADMIPAEDIA%20Beta/frontend/node_modules/@vitest/runner/dist/chunk-artifact.js:2305:20\n    at new Promise (<anonymous>)\n    at runWithTimeout (file:///C:/Users/elzak/Downloads/ADMIPAEDIA%20STANDARD/ADMIPAEDIA%20Beta/frontend/node_modules/@vitest/runner/dist/chunk-artifact.js:2272:10)\n    at file:///C:/Users/elzak/Downloads/ADMIPAEDIA%20STANDARD/ADMIPAEDIA%20Beta/frontend/node_modules/@vitest/runner/dist/chunk-artifact.js:2955:64"],"meta":{},"tags":[]},{"ancestorTitles":["studentService","createStudent"],"fullName":"studentService createStudent should create student successfully","status":"failed","title":"should create student successfully","duration":0.753099999999904,"failureMessages":["TypeError: mockedAxios.post.mockResolvedValue is not a function\n    at C:/Users/elzak/Downloads/ADMIPAEDIA STANDARD/ADMIPAEDIA Beta/frontend/src/__tests__/studentService.test.ts:90:24\n    at file:///C:/Users/elzak/Downloads/ADMIPAEDIA%20STANDARD/ADMIPAEDIA%20Beta/frontend/node_modules/@vitest/runner/dist/chunk-artifact.js:302:11\n    at file:///C:/Users/elzak/Downloads/ADMIPAEDIA%20STANDARD/ADMIPAEDIA%20Beta/frontend/node_modules/@vitest/runner/dist/chunk-artifact.js:1903:26\n    at file:///C:/Users/elzak/Downloads/ADMIPAEDIA%20STANDARD/ADMIPAEDIA%20Beta/frontend/node_modules/@vitest/runner/dist/chunk-artifact.js:2326:20\n    at new Promise (<anonymous>)\n    at runWithCancel (file:///C:/Users/elzak/Downloads/ADMIPAEDIA%20STANDARD/ADMIPAEDIA%20Beta/frontend/node_modules/@vitest/runner/dist/chunk-artifact.js:2323:10)\n    at file:///C:/Users/elzak/Downloads/ADMIPAEDIA%20STANDARD/ADMIPAEDIA%20Beta/frontend/node_modules/@vitest/runner/dist/chunk-artifact.js:2305:20\n    at new Promise (<anonymous>)\n    at runWithTimeout (file:///C:/Users/elzak/Downloads/ADMIPAEDIA%20STANDARD/ADMIPAEDIA%20Beta/frontend/node_modules/@vitest/runner/dist/chunk-artifact.js:2272:10)\n    at file:///C:/Users/elzak/Downloads/ADMIPAEDIA%20STANDARD/ADMIPAEDIA%20Beta/frontend/node_modules/@vitest/runner/dist/chunk-artifact.js:2955:64"],"meta":{},"tags":[]},{"ancestorTitles":["studentService","updateStudent"],"fullName":"studentService updateStudent should update student successfully","status":"failed","title":"should update student successfully","duration":0.5873999999985244,"failureMessages":["TypeError: mockedAxios.put.mockResolvedValue is not a function\n    at C:/Users/elzak/Downloads/ADMIPAEDIA STANDARD/ADMIPAEDIA Beta/frontend/src/__tests__/studentService.test.ts:104:23\n    at file:///C:/Users/elzak/Downloads/ADMIPAEDIA%20STANDARD/ADMIPAEDIA%20Beta/frontend/node_modules/@vitest/runner/dist/chunk-artifact.js:302:11\n    at file:///C:/Users/elzak/Downloads/ADMIPAEDIA%20STANDARD/ADMIPAEDIA%20Beta/frontend/node_modules/@vitest/runner/dist/chunk-artifact.js:1903:26\n    at file:///C:/Users/elzak/Downloads/ADMIPAEDIA%20STANDARD/ADMIPAEDIA%20Beta/frontend/node_modules/@vitest/runner/dist/chunk-artifact.js:2326:20\n    at new Promise (<anonymous>)\n    at runWithCancel (file:///C:/Users/elzak/Downloads/ADMIPAEDIA%20STANDARD/ADMIPAEDIA%20Beta/frontend/node_modules/@vitest/runner/dist/chunk-artifact.js:2323:10)\n    at file:///C:/Users/elzak/Downloads/ADMIPAEDIA%20STANDARD/ADMIPAEDIA%20Beta/frontend/node_modules/@vitest/runner/dist/chunk-artifact.js:2305:20\n    at new Promise (<anonymous>)\n    at runWithTimeout (file:///C:/Users/elzak/Downloads/ADMIPAEDIA%20STANDARD/ADMIPAEDIA%20Beta/frontend/node_modules/@vitest/runner/dist/chunk-artifact.js:2272:10)\n    at file:///C:/Users/elzak/Downloads/ADMIPAEDIA%20STANDARD/ADMIPAEDIA%20Beta/frontend/node_modules/@vitest/runner/dist/chunk-artifact.js:2955:64"],"meta":{},"tags":[]},{"ancestorTitles":["studentService","deleteStudent"],"fullName":"studentService deleteStudent should delete student successfully","status":"failed","title":"should delete student successfully","duration":0.5674999999991996,"failureMessages":["TypeError: mockedAxios.delete.mockResolvedValue is not a function\n    at C:/Users/elzak/Downloads/ADMIPAEDIA STANDARD/ADMIPAEDIA Beta/frontend/src/__tests__/studentService.test.ts:115:26\n    at file:///C:/Users/elzak/Downloads/ADMIPAEDIA%20STANDARD/ADMIPAEDIA%20Beta/frontend/node_modules/@vitest/runner/dist/chunk-artifact.js:302:11\n    at file:///C:/Users/elzak/Downloads/ADMIPAEDIA%20STANDARD/ADMIPAEDIA%20Beta/frontend/node_modules/@vitest/runner/dist/chunk-artifact.js:1903:26\n    at file:///C:/Users/elzak/Downloads/ADMIPAEDIA%20STANDARD/ADMIPAEDIA%20Beta/frontend/node_modules/@vitest/runner/dist/chunk-artifact.js:2326:20\n    at new Promise (<anonymous>)\n    at runWithCancel (file:///C:/Users/elzak/Downloads/ADMIPAEDIA%20STANDARD/ADMIPAEDIA%20Beta/frontend/node_modules/@vitest/runner/dist/chunk-artifact.js:2323:10)\n    at file:///C:/Users/elzak/Downloads/ADMIPAEDIA%20STANDARD/ADMIPAEDIA%20Beta/frontend/node_modules/@vitest/runner/dist/chunk-artifact.js:2305:20\n    at new Promise (<anonymous>)\n    at runWithTimeout (file:///C:/Users/elzak/Downloads/ADMIPAEDIA%20STANDARD/ADMIPAEDIA%20Beta/frontend/node_modules/@vitest/runner/dist/chunk-artifact.js:2272:10)\n    at file:///C:/Users/elzak/Downloads/ADMIPAEDIA%20STANDARD/ADMIPAEDIA%20Beta/frontend/node_modules/@vitest/runner/dist/chunk-artifact.js:2955:64"],"meta":{},"tags":[]}],"startTime":1778849572596,"endTime":1778849572611.5674,"status":"failed","message":"","name":"C:/Users/elzak/Downloads/ADMIPAEDIA STANDARD/ADMIPAEDIA Beta/frontend/src/__tests__/studentService.test.ts"},{"assertionResults":[],"startTime":1778849526014,"endTime":1778849526014,"status":"failed","message":"Cannot find module '../services/studentService'\nRequire stack:\n- C:\\Users\\elzak\\Downloads\\ADMIPAEDIA STANDARD\\ADMIPAEDIA Beta\\frontend\\src\\__tests__\\useStudents.test.tsx","name":"C:/Users/elzak/Downloads/ADMIPAEDIA STANDARD/ADMIPAEDIA Beta/frontend/src/__tests__/useStudents.test.tsx"},{"assertionResults":[{"ancestorTitles":["Button Component"],"fullName":"Button Component renders button with correct text","status":"passed","title":"renders button with correct text","duration":125.08359999999993,"failureMessages":[],"meta":{},"tags":[]},{"ancestorTitles":["Button Component"],"fullName":"Button Component calls onClick handler when clicked","status":"passed","title":"calls onClick handler when clicked","duration":43.31890000000021,"failureMessages":[],"meta":{},"tags":[]},{"ancestorTitles":["Button Component"],"fullName":"Button Component applies variant classes correctly","status":"passed","title":"applies variant classes correctly","duration":14.050700000001598,"failureMessages":[],"meta":{},"tags":[]}],"startTime":1778849621649,"endTime":1778849621832.0508,"status":"passed","message":"","name":"C:/Users/elzak/Downloads/ADMIPAEDIA STANDARD/ADMIPAEDIA Beta/frontend/src/components/common/Button.test.tsx"},{"assertionResults":[],"startTime":1778849526014,"endTime":1778849526014,"status":"failed","message":"No test suite found in file C:/Users/elzak/Downloads/ADMIPAEDIA STANDARD/ADMIPAEDIA Beta/frontend/src/components/settings/NotificationSettings.test.tsx","name":"C:/Users/elzak/Downloads/ADMIPAEDIA STANDARD/ADMIPAEDIA Beta/frontend/src/components/settings/NotificationSettings.test.tsx"},{"assertionResults":[{"ancestorTitles":["Button Accessibility"],"fullName":"Button Accessibility should not have accessibility violations","status":"passed","title":"should not have accessibility violations","duration":244.03069999999934,"failureMessages":[],"meta":{},"tags":[]},{"ancestorTitles":["Button Accessibility"],"fullName":"Button Accessibility should have proper ARIA attributes when disabled","status":"passed","title":"should have proper ARIA attributes when disabled","duration":121.9297000000006,"failureMessages":[],"meta":{},"tags":[]}],"startTime":1778849609054,"endTime":1778849609419.9297,"status":"passed","message":"","name":"C:/Users/elzak/Downloads/ADMIPAEDIA STANDARD/ADMIPAEDIA Beta/frontend/src/components/__tests__/Button.a11y.test.tsx"},{"assertionResults":[{"ancestorTitles":["Button Component"],"fullName":"Button Component renders button with correct text","status":"passed","title":"renders button with correct text","duration":55.59410000000025,"failureMessages":[],"meta":{},"tags":[]},{"ancestorTitles":["Button Component"],"fullName":"Button Component calls onClick handler when clicked","status":"passed","title":"calls onClick handler when clicked","duration":14.556099999999788,"failureMessages":[],"meta":{},"tags":[]},{"ancestorTitles":["Button Component"],"fullName":"Button Component applies custom className","status":"passed","title":"applies custom className","duration":4.397699999999531,"failureMessages":[],"meta":{},"tags":[]}],"startTime":1778849622730,"endTime":1778849622805.3977,"status":"passed","message":"","name":"C:/Users/elzak/Downloads/ADMIPAEDIA STANDARD/ADMIPAEDIA Beta/frontend/src/components/__tests__/Button.test.tsx"},{"assertionResults":[{"ancestorTitles":["Dashboard Component"],"fullName":"Dashboard Component renders dashboard with loading state","status":"passed","title":"renders dashboard with loading state","duration":531.7806000000055,"failureMessages":[],"meta":{},"tags":[]},{"ancestorTitles":["Dashboard Component"],"fullName":"Dashboard Component displays dashboard stats when loaded","status":"failed","title":"displays dashboard stats when loaded","duration":1165.4490000000005,"failureMessages":["AssertionError: expected \"vi.fn()\" to be called at least once\n\nIgnored nodes: comments, script, style\n\u001b[36m<html>\u001b[39m\n  \u001b[36m<head />\u001b[39m\n  \u001b[36m<body>\u001b[39m\n    \u001b[36m<div>\u001b[39m\n      \u001b[36m<div\u001b[39m\n        \u001b[33mclass\u001b[39m=\u001b[32m\"min-h-screen bg-gradient-to-br from-gray-50 to-gray-100 \"\u001b[39m\n      \u001b[36m>\u001b[39m\n        \u001b[36m<div\u001b[39m\n          \u001b[33mclass\u001b[39m=\u001b[32m\"bg-white shadow-sm border-b sticky top-0 z-40\"\u001b[39m\n        \u001b[36m>\u001b[39m\n          \u001b[36m<div\u001b[39m\n            \u001b[33mclass\u001b[39m=\u001b[32m\"max-w-7xl mx-auto px-4 sm:px-6 lg:px-8\"\u001b[39m\n          \u001b[36m>\u001b[39m\n            \u001b[36m<div\u001b[39m\n              \u001b[33mclass\u001b[39m=\u001b[32m\"flex items-center justify-between h-16\"\u001b[39m\n            \u001b[36m>\u001b[39m\n              \u001b[36m<div\u001b[39m\n                \u001b[33mclass\u001b[39m=\u001b[32m\"flex items-center space-x-4\"\u001b[39m\n              \u001b[36m>\u001b[39m\n                \u001b[36m<h1\u001b[39m\n                  \u001b[33mclass\u001b[39m=\u001b[32m\"text-2xl font-bold text-gray-900\"\u001b[39m\n                \u001b[36m>\u001b[39m\n                  \u001b[0mAdmin Dashboard\u001b[0m\n                \u001b[36m</h1>\u001b[39m\n                \u001b[36m<div\u001b[39m\n                  \u001b[33mclass\u001b[39m=\u001b[32m\"inline-flex items-center rounded-full px-2.5 py-0.5 font-semibold transition-colors focus:outline-none focus:ring-2 focus:ring-ring focus:ring-offset-2 text-foreground border border-input hover:bg-accent hover:text-accent-foreground text-xs\"\u001b[39m\n                \u001b[36m>\u001b[39m\n                  \u001b[0m12:52 PM\u001b[0m\n                \u001b[36m</div>\u001b[39m\n              \u001b[36m</div>\u001b[39m\n              \u001b[36m<div\u001b[39m\n                \u001b[33mclass\u001b[39m=\u001b[32m\"flex items-center space-x-3\"\u001b[39m\n              \u001b[36m>\u001b[39m\n                \u001b[36m<div\u001b[39m\n                  \u001b[33mclass\u001b[39m=\u001b[32m\"relative hidden md:block\"\u001b[39m\n                \u001b[36m>\u001b[39m\n                  \u001b[36m<svg\u001b[39m\n                    \u001b[33mclass\u001b[39m=\u001b[32m\"h-4 w-4 absolute left-3 top-1/2 transform -translate-y-1/2 text-gray-400\"\u001b[39m\n                    \u001b[33mfill\u001b[39m=\u001b[32m\"none\"\u001b[39m\n                    \u001b[33mheight\u001b[39m=\u001b[32m\"24\"\u001b[39m\n                    \u001b[33mstroke\u001b[39m=\u001b[32m\"currentColor\"\u001b[39m\n                    \u001b[33mstroke-linecap\u001b[39m=\u001b[32m\"round\"\u001b[39m\n                    \u001b[33mstroke-linejoin\u001b[39m=\u001b[32m\"round\"\u001b[39m\n                    \u001b[33mstroke-width\u001b[39m=\u001b[32m\"2\"\u001b[39m\n                    \u001b[33mviewBox\u001b[39m=\u001b[32m\"0 0 24 24\"\u001b[39m\n                    \u001b[33mwidth\u001b[39m=\u001b[32m\"24\"\u001b[39m\n                    \u001b[33mxmlns\u001b[39m=\u001b[32m\"http://www.w3.org/2000/svg\"\u001b[39m\n                  \u001b[36m>\u001b[39m\n                    \u001b[36m<circle\u001b[39m\n                      \u001b[33mcx\u001b[39m=\u001b[32m\"11\"\u001b[39m\n                      \u001b[33mcy\u001b[39m=\u001b[32m\"11\"\u001b[39m\n                      \u001b[33mr\u001b[39m=\u001b[32m\"8\"\u001b[39m\n                    \u001b[36m/>\u001b[39m\n                    \u001b[36m<path\u001b[39m\n                      \u001b[33md\u001b[39m=\u001b[32m\"m21 21-4.3-4.3\"\u001b[39m\n                    \u001b[36m/>\u001b[39m\n                  \u001b[36m</svg>\u001b[39m\n                  \u001b[36m<input\u001b[39m\n                    \u001b[33mclass\u001b[39m=\u001b[32m\"pl-10 pr-4 py-2 border border-gray-300 rounded-lg focus:ring-2 focus:ring-blue-500 focus:border-transparent\"\u001b[39m\n                    \u001b[33mplaceholder\u001b[39m=\u001b[32m\"Search dashboard...\"\u001b[39m\n                    \u001b[33mtype\u001b[39m=\u001b[32m\"text\"\u001b[39m\n                    \u001b[33mvalue\u001b[39m=\u001b[32m\"\"\u001b[39m\n                  \u001b[36m/>\u001b[39m\n                \u001b[36m</div>\u001b[39m\n                \u001b[36m<div\u001b[39m\n                  \u001b[33mclass\u001b[39m=\u001b[32m\"flex bg-gray-100 rounded-lg p-1\"\u001b[39m\n                \u001b[36m>\u001b[39m\n                  \u001b[36m<button\u001b[39m\n                    \u001b[33mclass\u001b[39m=\u001b[32m\"px-3 py-1 rounded-md text-sm font-medium transition-colors bg-white text-gray-900 shadow-sm\"\u001b[39m\n                  \u001b[36m>\u001b[39m\n                    \u001b[0mOverview\u001b[0m\n                  \u001b[36m</button>\u001b[39m\n                  \u001b[36m<button\u001b[39m\n                    \u001b[33mclass\u001b[39m=\u001b[32m\"px-3 py-1 rounded-md text-sm font-medium transition-colors text-gray-600 hover:text-gray-900\"\u001b[39m\n                  \u001b[36m>\u001b[39m\n                    \u001b[0mAnalytics\u001b[0m\n                  \u001b[36m</button>\u001b[39m\n                  \u001b[36m<button\u001b[39m\n                    \u001b[33mclass\u001b[39m=\u001b[32m\"px-3 py-1 rounded-md text-sm font-medium transition-colors text-gray-600 hover:text-gray-900\"\u001b[39m\n                  \u001b[36m>\u001b[39m\n                    \u001b[0mReports\u001b[0m\n                  \u001b[36m</button>\u001b[39m\n                \u001b[36m</div>\u001b[39m\n                \u001b[36m<button\u001b[39m\n                  \u001b[33mclass\u001b[39m=\u001b[32m\"justify-center rounded-md font-medium transition-colors focus-visible:outline-none focus-visible:ring-2 focus-visible:ring-ring focus-visible:ring-offset-2 disabled:opacity-50 disabled:pointer-events-none ring-offset-background border border-border bg-background hover:bg-background-secondary hover:text-foreground h-8 px-3 text-sm flex items-center space-x-2\"\u001b[39m\n                \u001b[36m>\u001b[39m\n                  \u001b[36m<svg\u001b[39m\n                    \u001b[33mclass\u001b[39m=\u001b[32m\"h-4 w-4 \"\u001b[39m\n                    \u001b[33mfill\u001b[39m=\u001b[32m\"none\"\u001b[39m\n                    \u001b[33mheight\u001b[39m=\u001b[32m\"24\"\u001b[39m\n                    \u001b[33mstroke\u001b[39m=\u001b[32m\"currentColor\"\u001b[39m\n                    \u001b[33mstroke-linecap\u001b[39m=\u001b[32m\"round\"\u001b[39m\n                    \u001b[33mstroke-linejoin\u001b[39m=\u001b[32m\"round\"\u001b[39m\n                    \u001b[33mstroke-width\u001b[39m=\u001b[32m\"2\"\u001b[39m\n                    \u001b[33mviewBox\u001b[39m=\u001b[32m\"0 0 24 24\"\u001b[39m\n                    \u001b[33mwidth\u001b[39m=\u001b[32m\"24\"\u001b[39m\n                    \u001b[33mxmlns\u001b[39m=\u001b[32m\"http://www.w3.org/2000/svg\"\u001b[39m\n                  \u001b[36m>\u001b[39m\n                    \u001b[36m<path\u001b[39m\n                      \u001b[33md\u001b[39m=\u001b[32m\"M3 12a9 9 0 0 1 9-9 9.75 9.75 0 0 1 6.74 2.74L21 8\"\u001b[39m\n                    \u001b[36m/>\u001b[39m\n                    \u001b[36m<path\u001b[39m\n                      \u001b[33md\u001b[39m=\u001b[32m\"M21 3v5h-5\"\u001b[39m\n                    \u001b[36m/>\u001b[39m\n                    \u001b[36m<path\u001b[39m\n                      \u001b[33md\u001b[39m=\u001b[32m\"M21 12a9 9 0 0 1-9 9 9.75 9.75 0 0 1-6.74-2.74L3 16\"\u001b[39m\n                    \u001b[36m/>\u001b[39m\n                    \u001b[36m<path\u001b[39m\n                      \u001b[33md\u001b[39m=\u001b[32m\"M8 16H3v5\"\u001b[39m\n                    \u001b[36m/>\u001b[39m\n                  \u001b[36m</svg>\u001b[39m\n                  \u001b[36m<span\u001b[39m\n                    \u001b[33mclass\u001b[39m=\u001b[32m\"hidden sm:inline\"\u001b[39m\n                  \u001b[36m>\u001b[39m\n                    \u001b[0mRefresh\u001b[0m\n                  \u001b[36m</span>\u001b[39m\n                \u001b[36m</button>\u001b[39m\n              \u001b[36m</div>\u001b[39m\n            \u001b[36m</div>\u001b[39m\n          \u001b[36m</div>\u001b[39m\n        \u001b[36m</div>\u001b[39m\n        \u001b[36m<div\u001b[39m\n          \u001b[33mclass\u001b[39m=\u001b[32m\"max-w-7xl mx-auto px-4 sm:px-6 lg:px-8 py-6\"\u001b[39m\n        \u001b[36m>\u001b[39m\n          \u001b[36m<div\u001b[39m\n            \u001b[33mclass\u001b[39m=\u001b[32m\"mb-6\"\u001b[39m\n            \u001b[33mstyle\u001b[39m=\u001b[32m\"opacity: 1; transform: none;\"\u001b[39m\n          \u001b[36m>\u001b[39m\n            \u001b[36m<div\u001b[39m\n              \u001b[33mclass\u001b[39m=\u001b[32m\"relative w-full rounded-lg border p-4 [&>svg~*]:pl-7 [&>svg+div]:translate-y-[-3px] [&>svg]:absolute [&>svg]:left-4 [&>svg]:top-4 [&>svg]:text-foreground text-foreground bg-blue-50 border-blue-200\"\u001b[39m\n              \u001b[33mrole\u001b[39m=\u001b[32m\"alert\"\u001b[39m\n            \u001b[36m>\u001b[39m\n              \u001b[36m<svg\u001b[39m\n                \u001b[33mclass\u001b[39m=\u001b[32m\"h-4 w-4 text-blue-600\"\u001b[39m\n       ...\n    at Proxy.<anonymous> (file:///C:/Users/elzak/Downloads/ADMIPAEDIA%20STANDARD/ADMIPAEDIA%20Beta/frontend/node_modules/@vitest/expect/dist/index.js:1467:10)\n    at Proxy.<anonymous> (file:///C:/Users/elzak/Downloads/ADMIPAEDIA%20STANDARD/ADMIPAEDIA%20Beta/frontend/node_modules/@vitest/expect/dist/index.js:1156:15)\n    at Proxy.toHaveBeenCalled (file:///C:/Users/elzak/Downloads/ADMIPAEDIA%20STANDARD/ADMIPAEDIA%20Beta/frontend/node_modules/chai/index.js:1700:25)\n    at C:/Users/elzak/Downloads/ADMIPAEDIA STANDARD/ADMIPAEDIA Beta/frontend/src/components/__tests__/Dashboard.test.tsx:69:54\n    at runWithExpensiveErrorDiagnosticsDisabled (C:\\Users\\elzak\\Downloads\\ADMIPAEDIA STANDARD\\ADMIPAEDIA Beta\\frontend\\node_modules\\@testing-library\\dom\\dist\\config.js:47:12)\n    at checkCallback (C:\\Users\\elzak\\Downloads\\ADMIPAEDIA STANDARD\\ADMIPAEDIA Beta\\frontend\\node_modules\\@testing-library\\dom\\dist\\wait-for.js:124:77)\n    at Timeout.checkRealTimersCallback (C:\\Users\\elzak\\Downloads\\ADMIPAEDIA STANDARD\\ADMIPAEDIA Beta\\frontend\\node_modules\\@testing-library\\dom\\dist\\wait-for.js:118:16)\n    at listOnTimeout (node:internal/timers:594:17)\n    at processTimers (node:internal/timers:529:7)"],"meta":{},"tags":[]},{"ancestorTitles":["Dashboard Component"],"fullName":"Dashboard Component handles dashboard errors gracefully","status":"failed","title":"handles dashboard errors gracefully","duration":1288.0699999999997,"failureMessages":["AssertionError: expected \"vi.fn()\" to be called at least once\n\nIgnored nodes: comments, script, style\n\u001b[36m<html>\u001b[39m\n  \u001b[36m<head />\u001b[39m\n  \u001b[36m<body>\u001b[39m\n    \u001b[36m<div>\u001b[39m\n      \u001b[36m<div\u001b[39m\n        \u001b[33mclass\u001b[39m=\u001b[32m\"min-h-screen bg-gradient-to-br from-gray-50 to-gray-100 \"\u001b[39m\n      \u001b[36m>\u001b[39m\n        \u001b[36m<div\u001b[39m\n          \u001b[33mclass\u001b[39m=\u001b[32m\"bg-white shadow-sm border-b sticky top-0 z-40\"\u001b[39m\n        \u001b[36m>\u001b[39m\n          \u001b[36m<div\u001b[39m\n            \u001b[33mclass\u001b[39m=\u001b[32m\"max-w-7xl mx-auto px-4 sm:px-6 lg:px-8\"\u001b[39m\n          \u001b[36m>\u001b[39m\n            \u001b[36m<div\u001b[39m\n              \u001b[33mclass\u001b[39m=\u001b[32m\"flex items-center justify-between h-16\"\u001b[39m\n            \u001b[36m>\u001b[39m\n              \u001b[36m<div\u001b[39m\n                \u001b[33mclass\u001b[39m=\u001b[32m\"flex items-center space-x-4\"\u001b[39m\n              \u001b[36m>\u001b[39m\n                \u001b[36m<h1\u001b[39m\n                  \u001b[33mclass\u001b[39m=\u001b[32m\"text-2xl font-bold text-gray-900\"\u001b[39m\n                \u001b[36m>\u001b[39m\n                  \u001b[0mAdmin Dashboard\u001b[0m\n                \u001b[36m</h1>\u001b[39m\n                \u001b[36m<div\u001b[39m\n                  \u001b[33mclass\u001b[39m=\u001b[32m\"inline-flex items-center rounded-full px-2.5 py-0.5 font-semibold transition-colors focus:outline-none focus:ring-2 focus:ring-ring focus:ring-offset-2 text-foreground border border-input hover:bg-accent hover:text-accent-foreground text-xs\"\u001b[39m\n                \u001b[36m>\u001b[39m\n                  \u001b[0m12:52 PM\u001b[0m\n                \u001b[36m</div>\u001b[39m\n              \u001b[36m</div>\u001b[39m\n              \u001b[36m<div\u001b[39m\n                \u001b[33mclass\u001b[39m=\u001b[32m\"flex items-center space-x-3\"\u001b[39m\n              \u001b[36m>\u001b[39m\n                \u001b[36m<div\u001b[39m\n                  \u001b[33mclass\u001b[39m=\u001b[32m\"relative hidden md:block\"\u001b[39m\n                \u001b[36m>\u001b[39m\n                  \u001b[36m<svg\u001b[39m\n                    \u001b[33mclass\u001b[39m=\u001b[32m\"h-4 w-4 absolute left-3 top-1/2 transform -translate-y-1/2 text-gray-400\"\u001b[39m\n                    \u001b[33mfill\u001b[39m=\u001b[32m\"none\"\u001b[39m\n                    \u001b[33mheight\u001b[39m=\u001b[32m\"24\"\u001b[39m\n                    \u001b[33mstroke\u001b[39m=\u001b[32m\"currentColor\"\u001b[39m\n                    \u001b[33mstroke-linecap\u001b[39m=\u001b[32m\"round\"\u001b[39m\n                    \u001b[33mstroke-linejoin\u001b[39m=\u001b[32m\"round\"\u001b[39m\n                    \u001b[33mstroke-width\u001b[39m=\u001b[32m\"2\"\u001b[39m\n                    \u001b[33mviewBox\u001b[39m=\u001b[32m\"0 0 24 24\"\u001b[39m\n                    \u001b[33mwidth\u001b[39m=\u001b[32m\"24\"\u001b[39m\n                    \u001b[33mxmlns\u001b[39m=\u001b[32m\"http://www.w3.org/2000/svg\"\u001b[39m\n                  \u001b[36m>\u001b[39m\n                    \u001b[36m<circle\u001b[39m\n                      \u001b[33mcx\u001b[39m=\u001b[32m\"11\"\u001b[39m\n                      \u001b[33mcy\u001b[39m=\u001b[32m\"11\"\u001b[39m\n                      \u001b[33mr\u001b[39m=\u001b[32m\"8\"\u001b[39m\n                    \u001b[36m/>\u001b[39m\n                    \u001b[36m<path\u001b[39m\n                      \u001b[33md\u001b[39m=\u001b[32m\"m21 21-4.3-4.3\"\u001b[39m\n                    \u001b[36m/>\u001b[39m\n                  \u001b[36m</svg>\u001b[39m\n                  \u001b[36m<input\u001b[39m\n                    \u001b[33mclass\u001b[39m=\u001b[32m\"pl-10 pr-4 py-2 border border-gray-300 rounded-lg focus:ring-2 focus:ring-blue-500 focus:border-transparent\"\u001b[39m\n                    \u001b[33mplaceholder\u001b[39m=\u001b[32m\"Search dashboard...\"\u001b[39m\n                    \u001b[33mtype\u001b[39m=\u001b[32m\"text\"\u001b[39m\n                    \u001b[33mvalue\u001b[39m=\u001b[32m\"\"\u001b[39m\n                  \u001b[36m/>\u001b[39m\n                \u001b[36m</div>\u001b[39m\n                \u001b[36m<div\u001b[39m\n                  \u001b[33mclass\u001b[39m=\u001b[32m\"flex bg-gray-100 rounded-lg p-1\"\u001b[39m\n                \u001b[36m>\u001b[39m\n                  \u001b[36m<button\u001b[39m\n                    \u001b[33mclass\u001b[39m=\u001b[32m\"px-3 py-1 rounded-md text-sm font-medium transition-colors bg-white text-gray-900 shadow-sm\"\u001b[39m\n                  \u001b[36m>\u001b[39m\n                    \u001b[0mOverview\u001b[0m\n                  \u001b[36m</button>\u001b[39m\n                  \u001b[36m<button\u001b[39m\n                    \u001b[33mclass\u001b[39m=\u001b[32m\"px-3 py-1 rounded-md text-sm font-medium transition-colors text-gray-600 hover:text-gray-900\"\u001b[39m\n                  \u001b[36m>\u001b[39m\n                    \u001b[0mAnalytics\u001b[0m\n                  \u001b[36m</button>\u001b[39m\n                  \u001b[36m<button\u001b[39m\n                    \u001b[33mclass\u001b[39m=\u001b[32m\"px-3 py-1 rounded-md text-sm font-medium transition-colors text-gray-600 hover:text-gray-900\"\u001b[39m\n                  \u001b[36m>\u001b[39m\n                    \u001b[0mReports\u001b[0m\n                  \u001b[36m</button>\u001b[39m\n                \u001b[36m</div>\u001b[39m\n                \u001b[36m<button\u001b[39m\n                  \u001b[33mclass\u001b[39m=\u001b[32m\"justify-center rounded-md font-medium transition-colors focus-visible:outline-none focus-visible:ring-2 focus-visible:ring-ring focus-visible:ring-offset-2 disabled:opacity-50 disabled:pointer-events-none ring-offset-background border border-border bg-background hover:bg-background-secondary hover:text-foreground h-8 px-3 text-sm flex items-center space-x-2\"\u001b[39m\n                \u001b[36m>\u001b[39m\n                  \u001b[36m<svg\u001b[39m\n                    \u001b[33mclass\u001b[39m=\u001b[32m\"h-4 w-4 \"\u001b[39m\n                    \u001b[33mfill\u001b[39m=\u001b[32m\"none\"\u001b[39m\n                    \u001b[33mheight\u001b[39m=\u001b[32m\"24\"\u001b[39m\n                    \u001b[33mstroke\u001b[39m=\u001b[32m\"currentColor\"\u001b[39m\n                    \u001b[33mstroke-linecap\u001b[39m=\u001b[32m\"round\"\u001b[39m
[...]
1b[32m\"100\"\u001b[39m\n              \u001b[33mdata-state\u001b[39m=\u001b[32m\"indeterminate\"\u001b[39m\n              \u001b[33mstyle\u001b[39m=\u001b[32m\"transform: translateX(-100%);\"\u001b[39m\n            \u001b[36m/>\u001b[39m\n          \u001b[36m</div>\u001b[39m\n        \u001b[36m</div>\u001b[39m\n        \u001b[36m<div\u001b[39m\n          \u001b[33mclass\u001b[39m=\u001b[32m\"grid grid-cols-1 md:grid-cols-2 lg:grid-cols-3 gap-4\"\u001b[39m\n        \u001b[36m/>\u001b[39m\n        \u001b[36m<div\u001b[39m\n          \u001b[33mclass\u001b[39m=\u001b[32m\"relative w-full rounded-lg border p-4 [&>svg~*]:pl-7 [&>svg+div]:translate-y-[-3px] [&>svg]:absolute [&>svg]:left-4 [&>svg]:top-4 [&>svg]:text-foreground text-foreground bg-blue-50 border-blue-200\"\u001b[39m\n          \u001b[33mrole\u001b[39m=\u001b[32m\"alert\"\u001b[39m\n        \u001b[36m>\u001b[39m\n          \u001b[36m<svg\u001b[39m\n            \u001b[33mclass\u001b[39m=\u001b[32m\"h-4 w-4 text-blue-600\"\u001b[39m\n            \u001b[33mfill\u001b[39m=\u001b[32m\"none\"\u001b[39m\n            \u001b[33mheight\u001b[39m=\u001b[32m\"24\"\u001b[39m\n            \u001b[33mstroke\u001b[39m=\u001b[32m\"currentColor\"\u001b[39m\n            \u001b[33mstroke-linecap\u001b[39m=\u001b[32m\"round\"\u001b[39m\n            \u001b[33mstroke-linejoin\u001b[39m=\u001b[32m\"round\"\u001b[39m\n            \u001b[33mstroke-width\u001b[39m=\u001b[32m\"2\"\u001b[39m\n            \u001b[33mviewBox\u001b[39m=\u001b[32m\"0 0 24 24\"\u001b[39m\n            \u001b[33mwidth\u001b[39m=\u001b[32m\"24\"\u001b[39m\n            \u001b[33mxmlns\u001b[39m=\u001b[32m\"http://www.w3.org/2000/svg\"\u001b[39m\n          \u001b[36m>\u001b[39m\n            \u001b[36m<path\u001b[39m\n              \u001b[33md\u001b[39m=\u001b[32m\"m21.73 18-8-14a2 2 0 0 0-3.48 0l-8 14A2 2 0 0 0 4 21h16a2 2 0 0 0 1.73-3Z\"\u001b[39m\n            \u001b[36m/>\u001b[39m\n            \u001b[36m<path\u001b[39m\n              \u001b[33md\u001b[39m=\u001b[32m\"M12 9v4\"\u001b[39m\n            \u001b[36m/>\u001b[39m\n            \u001b[36m<path\u001b[39m\n              \u001b[33md\u001b[39m=\u001b[32m\"M12 17h.01\"\u001b[39m\n            \u001b[36m/>\u001b[39m\n          \u001b[36m</svg>\u001b[39m\n          \u001b[36m<div\u001b[39m\n            \u001b[33mclass\u001b[39m=\u001b[32m\"text-sm [&_p]:leading-relaxed text-blue-800\"\u001b[39m\n          \u001b[36m>\u001b[39m\n            \u001b[36m<strong>\u001b[39m\n              \u001b[0mPerformance Tips:\u001b[0m\n            \u001b[36m</strong>\u001b[39m\n            \u001b[36m<ul\u001b[39m\n              \u001b[33mclass\u001b[39m=\u001b[32m\"mt-2 space-y-1 text-sm\"\u001b[39m\n            \u001b[36m/>\u001b[39m\n          \u001b[36m</div>\u001b[39m\n        \u001b[36m</div>\u001b[39m\n        \u001b[36m<div\u001b[39m\n          \u001b[33mclass\u001b[39m=\u001b[32m\"relative w-full rounded-lg border p-4 [&>svg~*]:pl-7 [&>svg+div]:translate-y-[-3px] [&>svg]:absolute [&>svg]:left-4 [&>svg]:top-4 [&>svg]:text-foreground text-foreground bg-yellow-50 border-yellow-200\"\u001b[39m\n          \u001b[33mrole\u001b[39m=\u001b[32m\"alert\"\u001b[39m\n        \u001b[36m>\u001b[39m\n          \u001b[36m<svg\u001b[39m\n            \u001b[33mclass\u001b[39m=\u001b[32m\"h-4 w-4 text-yellow-600\"\u001b[39m\n            \u001b[33mfill\u001b[39m=\u001b[32m\"none\"\u001b[39m\n            \u001b[33mheight\u001b[39m=\u001b[32m\"24\"\u001b[39m\n            \u001b[33mstroke\u001b[39m=\u001b[32m\"currentColor\"\u001b[39m\n            \u001b[33mstroke-linecap\u001b[39m=\u001b[32m\"round\"\u001b[39m\n            \u001b[33mstroke-linejoin\u001b[39m=\u001b[32m\"round\"\u001b[39m\n            \u001b[33mstroke-width\u001b[39m=\u001b[32m\"2\"\u001b[39m\n            \u001b[33mviewBox\u001b[39m=\u001b[32m\"0 0 24 24\"\u001b[39m\n            \u001b[33mwidth\u001b[39m=\u001b[32m\"24\"\u001b[39m\n            \u001b[33mxmlns\u001b[39m=\u001b[32m\"http://www.w3.org/2000/svg\"\u001b[39m\n          \u001b[36m>\u001b[39m\n            \u001b[36m<path\u001b[39m\n              \u001b[33md\u001b[39m=\u001b[32m\"m21.73 18-8-14a2 2 0 0 0-3.48 0l-8 14A2 2 0 0 0 4 21h16a2 2 0 0 0 1.73-3Z\"\u001b[39m\n            \u001b[36m/>\u001b[39m\n            \u001b[36m<path\u001b[39m\n              \u001b[33md\u001b[39m=\u001b[32m\"M12 9v4\"\u001b[39m\n            \u001b[36m/>\u001b[39m\n            \u001b[36m<path\u001b[39m\n              \u001b[33md\u001b[39m=\u001b[32m\"M12 17h.01\"\u001b[39m\n            \u001b[36m/>\u001b[39m\n          \u001b[36m</svg>\u001b[39m\n          \u001b[36m<div\u001b[39m\n            \u001b[33mclass\u001b[39m=\u001b[32m\"text-sm [&_p]:leading-relaxed text-yellow-800\"\u001b[39m\n          \u001b[36m>\u001b[39m\n            \u001b[0mSome performance metrics may not be available in your browser. For full monitoring capabilities, use Chrome or Edge.\u001b[0m\n          \u001b[36m</div>\u001b[39m\n        \u001b[36m</div>\u001b[39m\n      \u001b[36m</div>\u001b[39m\n    \u001b[36m</div>\u001b[39m\n  \u001b[36m</div>\u001b[39m\n\u001b[36m</body>\u001b[39m\n    at waitFor (C:\\Users\\elzak\\Downloads\\ADMIPAEDIA STANDARD\\ADMIPAEDIA Beta\\frontend\\node_modules\\@testing-library\\dom\\dist\\wait-for.js:163:27)\n    at C:/Users/elzak/Downloads/ADMIPAEDIA STANDARD/ADMIPAEDIA Beta/frontend/src/components/dashboard/__tests__/PerformanceMonitor.test.tsx:130:11\n    at file:///C:/Users/elzak/Downloads/ADMIPAEDIA%20STANDARD/ADMIPAEDIA%20Beta/frontend/node_modules/@vitest/runner/dist/chunk-artifact.js:302:11\n    at file:///C:/Users/elzak/Downloads/ADMIPAEDIA%20STANDARD/ADMIPAEDIA%20Beta/frontend/node_modules/@vitest/runner/dist/chunk-artifact.js:1903:26\n    at file:///C:/Users/elzak/Downloads/ADMIPAEDIA%20STANDARD/ADMIPAEDIA%20Beta/frontend/node_modules/@vitest/runner/dist/chunk-artifact.js:2326:20\n    at new Promise (<anonymous>)\n    at runWithCancel (file:///C:/Users/elzak/Downloads/ADMIPAEDIA%20STANDARD/ADMIPAEDIA%20Beta/frontend/node_modules/@vitest/runner/dist/chunk-artifact.js:2323:10)\n    at file:///C:/Users/elzak/Downloads/ADMIPAEDIA%20STANDARD/ADMIPAEDIA%20Beta/frontend/node_modules/@vitest/runner/dist/chunk-artifact.js:2305:20\n    at new Promise (<anonymous>)\n    at runWithTimeout (file:///C:/Users/elzak/Downloads/ADMIPAEDIA%20STANDARD/ADMIPAEDIA%20Beta/frontend/node_modules/@vitest/runner/dist/chunk-artifact.js:2272:10)"],"meta":{},"tags":[]}],"startTime":1778849556174,"endTime":1778849558298.8796,"status":"failed","message":"","name":"C:/Users/elzak/Downloads/ADMIPAEDIA STANDARD/ADMIPAEDIA Beta/frontend/src/components/dashboard/__tests__/PerformanceMonitor.test.tsx"},{"assertionResults":[{"ancestorTitles":["StatisticsGrid"],"fullName":"StatisticsGrid renders statistics cards correctly","status":"passed","title":"renders statistics cards correctly","duration":166.3055000000004,"failureMessages":[],"meta":{},"tags":[]},{"ancestorTitles":["StatisticsGrid"],"fullName":"StatisticsGrid displays trend indicators correctly","status":"passed","title":"displays trend indicators correctly","duration":71.53290000000015,"failureMessages":[],"meta":{},"tags":[]},{"ancestorTitles":["StatisticsGrid"],"fullName":"StatisticsGrid handles error states gracefully","status":"passed","title":"handles error states gracefully","duration":157.35570000000007,"failureMessages":[],"meta":{},"tags":[]},{"ancestorTitles":["StatisticsGrid"],"fullName":"StatisticsGrid shows loading state","status":"passed","title":"shows loading state","duration":13.844999999999345,"failureMessages":[],"meta":{},"tags":[]},{"ancestorTitles":["StatisticsGrid"],"fullName":"StatisticsGrid handles refresh functionality","status":"passed","title":"handles refresh functionality","duration":114.1244000000006,"failureMessages":[],"meta":{},"tags":[]}],"startTime":1778849606575,"endTime":1778849607098.1245,"status":"passed","message":"","name":"C:/Users/elzak/Downloads/ADMIPAEDIA STANDARD/ADMIPAEDIA Beta/frontend/src/components/dashboard/__tests__/StatisticsGrid.test.tsx"},{"assertionResults":[{"ancestorTitles":["AuditLogs Component"],"fullName":"AuditLogs Component renders audit logs component correctly","status":"passed","title":"renders audit logs component correctly","duration":300.4290000000001,"failureMessages":[],"meta":{},"tags":[]},{"ancestorTitles":["AuditLogs Component"],"fullName":"AuditLogs Component displays audit log entries in table","status":"passed","title":"displays audit log entries in table","duration":118.90290000000095,"failureMessages":[],"meta":{},"tags":[]},{"ancestorTitles":["AuditLogs Component"],"fullName":"AuditLogs Component handles filter toggle functionality","status":"passed","title":"handles filter toggle functionality","duration":715.7186000000002,"failureMessages":[],"meta":{},"tags":[]},{"ancestorTitles":["AuditLogs Component"],"fullName":"AuditLogs Component handles export functionality","status":"passed","title":"handles export functionality","duration":195.0721999999987,"failureMessages":[],"meta":{},"tags":[]},{"ancestorTitles":["AuditLogs Component"],"fullName":"AuditLogs Component handles refresh functionality","status":"passed","title":"handles refresh functionality","duration":261.1216999999997,"failureMessages":[],"meta":{},"tags":[]},{"ancestorTitles":["AuditLogs Component"],"fullName":"AuditLogs Component handles filter changes","status":"passed","title":"handles filter changes","duration":2967.114099999999,"failureMessages":[],"meta":{},"tags":[]},{"ancestorTitles":["AuditLogs Component"],"fullName":"AuditLogs Component displays loading state","status":"passed","title":"displays loading state","duration":4.270100000001548,"failureMessages":[],"meta":{},"tags":[]},{"ancestorTitles":["AuditLogs Component"],"fullName":"AuditLogs Component displays empty state when no logs","status":"passed","title":"displays empty state when no logs","duration":27.81619999999748,"failureMessages":[],"meta":{},"tags":[]},{"ancestorTitles":["AuditLogs Component"],"fullName":"AuditLogs Component handles export errors gracefully","status":"passed","title":"handles export errors gracefully","duration":468.90799999999945,"failureMessages":[],"meta":{},"tags":[]},{"ancestorTitles":["AuditLogs Component"],"fullName":"AuditLogs Component handles refresh errors gracefully","status":"passed","title":"handles refresh errors gracefully","duration":152.04149999999936,"failureMessages":[],"meta":{},"tags":[]}],"startTime":1778849607474,"endTime":1778849612686.0415,"status":"passed","message":"","name":"C:/Users/elzak/Downloads/ADMIPAEDIA STANDARD/ADMIPAEDIA Beta/frontend/src/components/settings/__tests__/AuditLogs.test.tsx"},{"assertionResults":[{"ancestorTitles":["NotificationSettings"],"fullName":"NotificationSettings renders without crashing","status":"passed","title":"renders without crashing","duration":225.45730000000003,"failureMessages":[],"meta":{},"tags":[]},{"ancestorTitles":["NotificationSettings"],"fullName":"NotificationSettings displays loading state","status":"passed","title":"displays loading state","duration":4.463600000000952,"failureMessages":[],"meta":{},"tags":[]},{"ancestorTitles":["NotificationSettings"],"fullName":"NotificationSettings renders all tabs correctly","status":"passed","title":"renders all tabs correctly","duration":261.4501,"failureMessages":[],"meta":{},"tags":[]},{"ancestorTitles":["NotificationSettings"],"fullName":"NotificationSettings switches between tabs","status":"passed","title":"switches between tabs","duration":322.22730000000047,"failureMessages":[],"meta":{},"tags":[]},{"ancestorTitles":["NotificationSettings","Email Settings"],"fullName":"NotificationSettings Email Settings renders email configuration fields","status":"passed","title":"renders email configuration fields","duration":126.49319999999898,"failureMessages":[],"meta":{},"tags":[]},{"ancestorTitles":["NotificationSettings","Email Settings"],"fullName":"NotificationSettings Email Settings updates email settings when inputs change","status":"passed","title":"updates email settings when inputs change","duration":656.1116999999995,"failureMessages":[],"meta":{},"tags":[]},{"ancestorTitles":["NotificationSettings","Email Settings"],"fullName":"NotificationSettings Email Settings toggles email enabled switch","status":"passed","title":"toggles email enabled switch","duration":231.1196,"failureMessages":[],"meta":{},"tags":[]},{"ancestorTitles":["NotificationSettings","Email Settings"],"fullName":"NotificationSettings Email Settings shows/hides email fields based on enabled state","status":"passed","title":"shows/hides email fields based on enabled state","duration":221.16580000000067,"failureMessages":[],"meta":{},"tags":[]},{"ancestorTitles":["NotificationSettings","Email Settings"],"fullName":"NotificationSettings Email Settings handles test email functionality","status":"passed","title":"handles test email functionality","duration":1308.7011999999995,"failureMessages":[],"meta":{},"tags":[]},{"ancestorTitles":["NotificationSettings","Email Settings"],"fullName":"NotificationSettings Email Settings validates test email input","status":"passed","title":"validates test email input","duration":504.6841999999997,"failureMessages":[],"meta":{},"tags":[]},{"ancestorTitles":["NotificationSettings","SMS Settings"],"fullName":"NotificationSettings SMS Settings renders SMS configuration fields","status":"passed","title":"renders SMS configuration fields","duration":445.3221000000012,"failureMessages":[],"meta":{},"tags":[]},{"ancestorTitles":["NotificationSettings","SMS Settings"],"fullName":"NotificationSettings SMS Settings handles test SMS functionality","status":"passed","title":"handles test SMS functionality","duration":770.1251000000011,"failureMessages":[],"meta":{},"tags":[]},{"ancestorTitles":["NotificationSettings","Notification Types"],"fullName":"NotificationSettings Notification Types renders all notification type toggles","status":"passed","title":"renders all notification type toggles","duration":320.2507000000005,"failureMessages":[],"meta":{},"tags":[]},{"ancestorTitles":["NotificationSettings","Notification Types"],"fullName":"NotificationSettings Notification Types renders recipient toggles","status":"passed","title":"renders recipient toggles","duration":378.29179999999906,"failureMessages":[],"meta":{},"tags":[]},{"ancestorTitles":["NotificationSettings","Timing & Delivery"],"fullName":"NotificationSettings Timing & Delivery renders timing configuration fields","status":"passed","title":"renders timing configuration fields","duration":433.8865000000005,"failureMessages":[],"meta":{},"tags":[]},{"ancestorTitles":["NotificationSettings","Timing & Delivery"],"fullName":"NotificationSettings Timing & Delivery shows digest time when daily digest is enabled","status":"passed","title":"shows digest time when daily digest is enabled","duration":456.20230000000083,"failureMessages":[],"meta":{},"tags":[]},{"ancestorTitles":["NotificationSettings","Timing & Delivery"],"fullName":"NotificationSettings Timing & Delivery shows quiet hours time fields when enabled","status":"passed","title":"shows quiet hours time fields when enabled","duration":321.67009999999937,"failureMessages":[],"meta":{},"tags":[]},{"ancestorTitles":["NotificationSettings","Save Functionality"],"fullName":"NotificationSettings Save Functionality saves settings successfully","status":"passed","title":"saves settings successfully","duration":298.6909000000014,"failureMessages":[],"meta":{},"tags":[]},{"ancestorTitles":["NotificationSettings","Save Functionality"],"fullName":"NotificationSettings Save Functionality handles save errors","status":"passed","title":"handles save errors","duration":231.91110000000117,"failureMessages":[],"meta":{},"tags":[]},{"ancestorTitles":["NotificationSettings","Save Functionality"],"fullName":"NotificationSettings Save Functionality shows loading state during save","status":"passed","title":"shows loading state during save","duration":113.08810000000085,"failureMessages":[],"meta":{},"tags":[]},{"ancestorTitles":["NotificationSettings","Error Handling"],"fullName":"NotificationSettings Error Handling handles query errors gracefully","status":"passed","title":"handles query errors gracefully","duration":47.36019999999917,"failureMessages":[],"meta":{},"tags":[]},{"ancestorTitles":["NotificationSettings","Error Handling"],"fullName":"NotificationSettings Error Handling handles test email errors","status":"passed","title":"handles test email errors","duration":867.4661999999989,"failureMessages":[],"meta":{},"tags":[]},{"ancestorTitles":["NotificationSettings","Accessibility"],"fullName":"NotificationSettings Accessibility has proper ARIA labels","status":"passed","title":"has proper ARIA labels","duration":114.4387999999999,"failureMessages":[],"meta":{},"tags":[]},{"ancestorTitles":["NotificationSettings","Accessibility"],"fullName":"NotificationSettings Accessibility provides clear form labels","status":"passed","title":"provides clear form labels","duration":59.52070000000094,"failureMessages":[],"meta":{},"tags":[]}],"startTime":1778849599945,"endTime":1778849608668.5208,"status":"passed","message":"","name":"C:/Users/elzak/Downloads/ADMIPAEDIA STANDARD/ADMIPAEDIA Beta/frontend/src/components/settings/__tests__/NotificationSettings.test.tsx"},{"assertionResults":[],"startTime":1778849526014,"endTime":1778849526014,"status":"failed","message":"Failed to resolve import \"@/services/securitySettingsService\" from \"src/components/settings/__tests__/SecuritySettings.test.tsx\". Does the file exist?","name":"C:/Users/elzak/Downloads/ADMIPAEDIA STANDARD/ADMIPAEDIA Beta/frontend/src/components/settings/__tests__/SecuritySettings.test.tsx"},{"assertionResults":[{"ancestorTitles":[],"fullName":"renders subjects management table and controls","status":"passed","title":"renders subjects management table and controls","duration":438.97529999999824,"failureMessages":[],"meta":{},"tags":[]}],"startTime":1778849608080,"endTime":1778849608518.9753,"status":"passed","message":"","name":"C:/Users/elzak/Downloads/ADMIPAEDIA STANDARD/ADMIPAEDIA Beta/frontend/src/components/settings/__tests__/SubjectsManagement.test.tsx"},{"assertionResults":[{"ancestorTitles":["StudentList Integration"],"fullName":"StudentList Integration fetches and displays students","status":"passed","title":"fetches and displays students","duration":112.53840000000127,"failureMessages":[],"meta":{},"tags":[]},{"ancestorTitles":["StudentList Integration"],"fullName":"StudentList Integration handles error state","status":"passed","title":"handles error state","duration":29.734200000000783,"failureMessages":[],"meta":{},"tags":[]}],"startTime":1778849623356,"endTime":1778849623498.7341,"status":"passed","message":"","name":"C:/Users/elzak/Downloads/ADMIPAEDIA STANDARD/ADMIPAEDIA Beta/frontend/src/features/students/__tests__/StudentList.integration.test.tsx"},{"assertionResults":[{"ancestorTitles":["Student Management Integration"],"fullName":"Student Management Integration displays student list and navigates to detail page","status":"passed","title":"displays student list and navigates to detail page","duration":208.52870000000075,"failureMessages":[],"meta":{},"tags":[]}],"startTime":1778849623841,"endTime":1778849624049.5288,"status":"passed","message":"","name":"C:/Users/elzak/Downloads/ADMIPAEDIA STANDARD/ADMIPAEDIA Beta/frontend/src/features/students/__tests__/StudentManagement.test.tsx"},{"assertionResults":[{"ancestorTitles":["SystemSettingsPage (Super Admin)"],"fullName":"SystemSettingsPage (Super Admin) renders platform settings and does not show admissions config","status":"passed","title":"renders platform settings and does not show admissions config","duration":1346.0541999999987,"failureMessages":[],"meta":{},"tags":[]}],"startTime":1778849608000,"endTime":1778849609346.0542,"status":"passed","message":"","name":"C:/Users/elzak/Downloads/ADMIPAEDIA STANDARD/ADMIPAEDIA Beta/frontend/src/pages/administration/__tests__/SystemSettingsPage.test.tsx"}]}